2022-06-01T23:24:45.644 6367a2ff-7973-40ab-b780-ce9136baef64 POST /doc/comments - - - frontend10
2022-06-01T23:24:45.663 5a375024-cf4b-4aae-9232-87dd3960749f GET /board - - - frontend10
2022-06-01T23:24:45.671 bbf74cbf-c61a-4327-982a-1bfaf31d32a6 GET /doc - - - frontend10
2022-06-01T23:24:45.673 588d16e3-ca1c-4651-9c54-3b0760299a05 GET /board/dump/json - - - frontend19
2022-06-01T23:24:45.685 6367a2ff-7973-40ab-b780-ce9136baef64 HANDLE - - - - worker28
2022-06-01T23:24:45.707 5a375024-cf4b-4aae-9232-87dd3960749f HANDLE - - - - worker36
2022-06-01T23:24:45.715 588d16e3-ca1c-4651-9c54-3b0760299a05 HANDLE - - - - worker3
2022-06-01T23:24:45.717 cc530671-a5d0-4df6-bfe2-fb0b44c9655c GET /board/dump/json - - - frontend12
2022-06-01T23:24:45.718 bbf74cbf-c61a-4327-982a-1bfaf31d32a6 HANDLE - - - - worker42
2022-06-01T23:24:45.735 5a375024-cf4b-4aae-9232-87dd3960749f RESPOND - - 200 - frontend10
2022-06-01T23:24:45.743 6367a2ff-7973-40ab-b780-ce9136baef64 RESPOND - - 200 - frontend10
2022-06-01T23:24:45.745 cc530671-a5d0-4df6-bfe2-fb0b44c9655c HANDLE - - - - worker48
2022-06-01T23:24:45.765 588d16e3-ca1c-4651-9c54-3b0760299a05 RESPOND - - 200 - frontend19
2022-06-01T23:24:45.778 bbf74cbf-c61a-4327-982a-1bfaf31d32a6 RESPOND - - 200 - frontend10
2022-06-01T23:24:45.802 cc530671-a5d0-4df6-bfe2-fb0b44c9655c RESPOND - - 200 - frontend12
2022-06-01T23:24:45.825 a92bb7c5-941a-43a8-a391-a06cecb78994 GET /doc/list - - - frontend3
2022-06-01T23:24:45.835 e23913ab-9acb-4929-b870-1972f1d57678 POST /doc/comments - - - frontend19
2022-06-01T23:24:45.851 e23913ab-9acb-4929-b870-1972f1d57678 HANDLE - - - - worker36
2022-06-01T23:24:45.865 626a155f-59fb-4bef-b1bd-8475fb3bda6b GET /board - - - frontend17
2022-06-01T23:24:45.877 6a19f309-7e04-4a9a-8d5f-e817ddf38235 POST /user/login - - - frontend16
2022-06-01T23:24:45.883 626a155f-59fb-4bef-b1bd-8475fb3bda6b HANDLE - - - - worker14
2022-06-01T23:24:45.895 6a19f309-7e04-4a9a-8d5f-e817ddf38235 HANDLE - - - - worker16
2022-06-01T23:24:45.897 a7556405-7cb9-4ac5-9766-bc2ee34058fa GET /doc/full - - - frontend3
2022-06-01T23:24:45.922 e23913ab-9acb-4929-b870-1972f1d57678 RESPOND - - 200 - frontend19
2022-06-01T23:24:45.927 6a19f309-7e04-4a9a-8d5f-e817ddf38235 RESPOND - - 200 - frontend16
2022-06-01T23:24:45.937 626a155f-59fb-4bef-b1bd-8475fb3bda6b RESPOND - - 200 - frontend17
2022-06-01T23:24:46.570 a7556405-7cb9-4ac5-9766-bc2ee34058fa HANDLE - - - - worker9
2022-06-01T23:24:46.640 a7556405-7cb9-4ac5-9766-bc2ee34058fa RESPOND - - 200 - frontend3
2022-06-01T23:24:46.657 a92bb7c5-941a-43a8-a391-a06cecb78994 HANDLE - - - - worker1
2022-06-01T23:24:46.685 a92bb7c5-941a-43a8-a391-a06cecb78994 RESPOND - - 200 - frontend3
2022-06-01T23:24:46.718 f2a33f44-3445-412e-b649-50e47dbe1a26 GET /board - - - frontend13
2022-06-01T23:24:46.720 baadad1e-fe4d-4905-a751-feba8a79fa54 GET /user/logoff - - - frontend15
2022-06-01T23:24:46.720 afdc8644-f4b7-4a1e-96f0-2b80fc8a9b39 GET /doc/full - - - frontend5
2022-06-01T23:24:46.730 ccba079c-69f7-4271-8139-2ac545fd7e01 GET /board/dump/json - - - frontend14
2022-06-01T23:24:46.745 f2a33f44-3445-412e-b649-50e47dbe1a26 HANDLE - - - - worker25
2022-06-01T23:24:46.756 afdc8644-f4b7-4a1e-96f0-2b80fc8a9b39 HANDLE - - - - worker22
2022-06-01T23:24:46.761 75ca26df-73a6-49b8-bdde-67db8006d164 GET /doc/full - - - frontend17
2022-06-01T23:24:46.769 baadad1e-fe4d-4905-a751-feba8a79fa54 HANDLE - - - - worker32
2022-06-01T23:24:46.773 ccba079c-69f7-4271-8139-2ac545fd7e01 HANDLE - - - - worker30
2022-06-01T23:24:46.785 f2a33f44-3445-412e-b649-50e47dbe1a26 RESPOND - - 200 - frontend13
2022-06-01T23:24:46.796 baadad1e-fe4d-4905-a751-feba8a79fa54 RESPOND - - 200 - frontend15
2022-06-01T23:24:46.798 75ca26df-73a6-49b8-bdde-67db8006d164 HANDLE - - - - worker44
2022-06-01T23:24:46.808 afdc8644-f4b7-4a1e-96f0-2b80fc8a9b39 RESPOND - - 200 - frontend5
2022-06-01T23:24:46.853 75ca26df-73a6-49b8-bdde-67db8006d164 RESPOND - - 200 - frontend17
2022-06-01T23:24:47.577 ccba079c-69f7-4271-8139-2ac545fd7e01 RESPOND - - 200 - frontend14
2022-06-01T23:24:47.632 c0c60842-e7a6-4ec1-80a8-546ae2b09b54 GET /board - - - frontend7
2022-06-01T23:24:47.640 d12a2f7c-bd4d-48fb-9717-1d4021a6aade GET /doc - - - frontend6
2022-06-01T23:24:47.643 0ebac060-29a1-4be9-b8d5-9eba53e1e221 POST /user/login - - - frontend20
2022-06-01T23:24:47.656 61d33634-cd1e-4942-ba0b-9c39097a643e GET /user/logoff - - - frontend5
2022-06-01T23:24:47.662 d12a2f7c-bd4d-48fb-9717-1d4021a6aade HANDLE - - - - worker17
2022-06-01T23:24:47.664 0ebac060-29a1-4be9-b8d5-9eba53e1e221 HANDLE - - - - worker14
2022-06-01T23:24:47.671 a1e3028c-612f-4bb7-99db-00d3d4df0dab POST /user/login - - - frontend9
2022-06-01T23:24:47.673 c0c60842-e7a6-4ec1-80a8-546ae2b09b54 HANDLE - - - - worker19
2022-06-01T23:24:47.682 61d33634-cd1e-4942-ba0b-9c39097a643e HANDLE - - - - worker33
2022-06-01T23:24:47.715 0ebac060-29a1-4be9-b8d5-9eba53e1e221 RESPOND - - 200 - frontend20
2022-06-01T23:24:47.717 a1e3028c-612f-4bb7-99db-00d3d4df0dab HANDLE - - - - worker42
2022-06-01T23:24:47.731 d12a2f7c-bd4d-48fb-9717-1d4021a6aade RESPOND - - 200 - frontend6
2022-06-01T23:24:47.732 c0c60842-e7a6-4ec1-80a8-546ae2b09b54 RESPOND - - 200 - frontend7
2022-06-01T23:24:47.758 a1e3028c-612f-4bb7-99db-00d3d4df0dab RESPOND - - 200 - frontend9
2022-06-01T23:24:48.510 61d33634-cd1e-4942-ba0b-9c39097a643e RESPOND - - 200 - frontend5
2022-06-01T23:24:48.532 010960f9-dcc1-497b-a437-907a08ebd6ee GET /board/dump/xml - - - frontend12
2022-06-01T23:24:48.535 d0d7f670-9557-418e-99b7-03fe3c44bbbb POST /user/login - - - frontend5
2022-06-01T23:24:48.553 d0d7f670-9557-418e-99b7-03fe3c44bbbb HANDLE - - - - worker39
2022-06-01T23:24:48.555 010960f9-dcc1-497b-a437-907a08ebd6ee HANDLE - - - - worker21
2022-06-01T23:24:48.559 973a4ab2-719d-4be3-85b4-4e1b23dc5b02 GET /board/dump/xml - - - frontend4
2022-06-01T23:24:48.567 0b3e4bba-3956-49d2-ab86-1ba6700db701 GET /board/dump/xml - - - frontend18
2022-06-01T23:24:48.588 010960f9-dcc1-497b-a437-907a08ebd6ee RESPOND - - 200 - frontend12
2022-06-01T23:24:48.595 0b3e4bba-3956-49d2-ab86-1ba6700db701 HANDLE - - - - worker34
2022-06-01T23:24:48.601 ebd90e73-4a20-4217-80ee-69deb4fbe89c POST /user/login - - - frontend6
2022-06-01T23:24:48.601 973a4ab2-719d-4be3-85b4-4e1b23dc5b02 HANDLE - - - - worker44
2022-06-01T23:24:48.614 d0d7f670-9557-418e-99b7-03fe3c44bbbb RESPOND - - 200 - frontend5
2022-06-01T23:24:48.635 0b3e4bba-3956-49d2-ab86-1ba6700db701 RESPOND - - 200 - frontend18
2022-06-01T23:24:48.637 ebd90e73-4a20-4217-80ee-69deb4fbe89c HANDLE - - - - worker36
2022-06-01T23:24:48.662 973a4ab2-719d-4be3-85b4-4e1b23dc5b02 RESPOND - - 200 - frontend4
2022-06-01T23:24:48.691 ebd90e73-4a20-4217-80ee-69deb4fbe89c RESPOND - - 200 - frontend6
2022-06-01T23:24:48.710 6f824749-6d77-49e0-8613-9c164be25023 GET /user/logoff - - - frontend18
2022-06-01T23:24:48.733 6f824749-6d77-49e0-8613-9c164be25023 HANDLE - - - - worker44
2022-06-01T23:24:48.767 e0d1fac1-9740-4f13-a152-80b38bc5d0c8 POST /user/login - - - frontend7
2022-06-01T23:24:48.770 dcb1c428-a8f9-4668-85bb-7793c24c478d GET /user/avatar - - - frontend17
2022-06-01T23:24:48.780 7ab34ee6-4c59-4594-805b-1485a25f971b GET /doc/full - - - frontend8
2022-06-01T23:24:48.791 f9c76ec8-ded5-4d70-86aa-f56c332481c0 GET /doc/full - - - frontend10
2022-06-01T23:24:48.791 dcb1c428-a8f9-4668-85bb-7793c24c478d HANDLE - - - - worker15
2022-06-01T23:24:48.793 6f824749-6d77-49e0-8613-9c164be25023 RESPOND - - 200 - frontend18
2022-06-01T23:24:48.809 e0d1fac1-9740-4f13-a152-80b38bc5d0c8 HANDLE - - - - worker11
2022-06-01T23:24:48.825 dcb1c428-a8f9-4668-85bb-7793c24c478d RESPOND - - 200 - frontend17
2022-06-01T23:24:48.827 f9c76ec8-ded5-4d70-86aa-f56c332481c0 HANDLE - - - - worker23
2022-06-01T23:24:48.842 e0d1fac1-9740-4f13-a152-80b38bc5d0c8 RESPOND - - 200 - frontend7
2022-06-01T23:24:48.897 f9c76ec8-ded5-4d70-86aa-f56c332481c0 RESPOND - - 200 - frontend10
2022-06-01T23:24:49.493 7ab34ee6-4c59-4594-805b-1485a25f971b HANDLE - - - - worker42
2022-06-01T23:24:49.549 7ab34ee6-4c59-4594-805b-1485a25f971b RESPOND - - 200 - frontend8
2022-06-01T23:24:49.588 00b43fb4-b62d-4c5e-9392-de62c3fac723 GET /board/dump/xml - - - frontend10
2022-06-01T23:24:49.603 00b43fb4-b62d-4c5e-9392-de62c3fac723 HANDLE - - - - worker36
2022-06-01T23:24:49.626 7a589964-d117-4bce-bf45-e2f9a27a2c2d GET /doc - - - frontend19
2022-06-01T23:24:49.629 00b43fb4-b62d-4c5e-9392-de62c3fac723 RESPOND - - 200 - frontend10
2022-06-01T23:24:49.635 d7d737cf-2fe6-4234-98d2-c22e936fc1ea GET /board/dump/xml - - - frontend8
2022-06-01T23:24:49.637 7c71f8ec-a42e-49cd-bed8-a271408cb8eb GET /board - - - frontend18
2022-06-01T23:24:49.642 45ee2a91-d55d-4052-b375-a030b801618e GET /board - - - frontend11
2022-06-01T23:24:49.657 7a589964-d117-4bce-bf45-e2f9a27a2c2d HANDLE - - - - worker5
2022-06-01T23:24:49.667 7c71f8ec-a42e-49cd-bed8-a271408cb8eb HANDLE - - - - worker36
2022-06-01T23:24:49.682 45ee2a91-d55d-4052-b375-a030b801618e HANDLE - - - - worker36
2022-06-01T23:24:49.696 7c71f8ec-a42e-49cd-bed8-a271408cb8eb RESPOND - - 200 - frontend18
2022-06-01T23:24:49.713 7a589964-d117-4bce-bf45-e2f9a27a2c2d RESPOND - - 200 - frontend19
2022-06-01T23:24:49.733 45ee2a91-d55d-4052-b375-a030b801618e RESPOND - - 200 - frontend11
2022-06-01T23:24:50.319 d7d737cf-2fe6-4234-98d2-c22e936fc1ea HANDLE - - - - worker8
2022-06-01T23:24:50.360 d7d737cf-2fe6-4234-98d2-c22e936fc1ea RESPOND - - 200 - frontend8
2022-06-01T23:24:50.385 446d70ec-a3da-4f2f-a773-e61610137df4 POST /doc/comments - - - frontend12
2022-06-01T23:24:50.391 2b7fe2cc-6aad-472f-b746-f69b696daeff GET /doc - - - frontend12
2022-06-01T23:24:50.418 446d70ec-a3da-4f2f-a773-e61610137df4 HANDLE - - - - worker47
2022-06-01T23:24:50.432 2b7fe2cc-6aad-472f-b746-f69b696daeff HANDLE - - - - worker43
2022-06-01T23:24:50.437 3e1eb645-1e9d-4e3f-abe3-798fd972f24a GET /user/logoff - - - frontend4
2022-06-01T23:24:50.439 de35b384-148e-4455-961d-4736de8e8413 GET /user/logoff - - - frontend16
2022-06-01T23:24:50.454 9f847f35-d76b-446f-9efa-52f8b7c92301 GET /user/logoff - - - frontend5
2022-06-01T23:24:50.456 de35b384-148e-4455-961d-4736de8e8413 HANDLE - - - - worker31
2022-06-01T23:24:50.472 3e1eb645-1e9d-4e3f-abe3-798fd972f24a HANDLE - - - - worker30
2022-06-01T23:24:50.485 9f847f35-d76b-446f-9efa-52f8b7c92301 HANDLE - - - - worker7
2022-06-01T23:24:50.494 2b7fe2cc-6aad-472f-b746-f69b696daeff RESPOND - - 200 - frontend12
2022-06-01T23:24:50.505 de35b384-148e-4455-961d-4736de8e8413 RESPOND - - 200 - frontend16
2022-06-01T23:24:50.529 9f847f35-d76b-446f-9efa-52f8b7c92301 RESPOND - - 200 - frontend5
2022-06-01T23:24:51.091 446d70ec-a3da-4f2f-a773-e61610137df4 RESPOND - - 200 - frontend12
2022-06-01T23:24:51.201 3e1eb645-1e9d-4e3f-abe3-798fd972f24a RESPOND - - 200 - frontend4
2022-06-01T23:24:51.220 7e95ceb2-1c16-4ee4-b091-5f83cf7382db GET /doc - - - frontend19
2022-06-01T23:24:51.253 cd702715-f628-45d4-84e7-58c3384f9f28 POST /user/login - - - frontend9
2022-06-01T23:24:51.262 e6870454-5b1e-4674-bb8c-917044c62f1f GET /doc - - - frontend8
2022-06-01T23:24:51.269 7e95ceb2-1c16-4ee4-b091-5f83cf7382db HANDLE - - - - worker15
2022-06-01T23:24:51.272 cd702715-f628-45d4-84e7-58c3384f9f28 HANDLE - - - - worker12
2022-06-01T23:24:51.274 3da6f176-2358-46e1-aac0-e54c9372e0b4 GET /user/logoff - - - frontend17
2022-06-01T23:24:51.282 1b41ca0e-caea-483b-9d90-7b4ba8206ced GET /board/dump/json - - - frontend20
2022-06-01T23:24:51.304 3da6f176-2358-46e1-aac0-e54c9372e0b4 HANDLE - - - - worker30
2022-06-01T23:24:51.311 7e95ceb2-1c16-4ee4-b091-5f83cf7382db RESPOND - - 200 - frontend19
2022-06-01T23:24:51.328 1b41ca0e-caea-483b-9d90-7b4ba8206ced HANDLE - - - - worker41
2022-06-01T23:24:51.331 cd702715-f628-45d4-84e7-58c3384f9f28 RESPOND - - 200 - frontend9
2022-06-01T23:24:51.399 1b41ca0e-caea-483b-9d90-7b4ba8206ced RESPOND - - 200 - frontend20
2022-06-01T23:24:51.969 3da6f176-2358-46e1-aac0-e54c9372e0b4 RESPOND - - 200 - frontend17
2022-06-01T23:24:52.003 e6870454-5b1e-4674-bb8c-917044c62f1f HANDLE - - - - worker6
2022-06-01T23:24:52.033 e6870454-5b1e-4674-bb8c-917044c62f1f RESPOND - - 200 - frontend8
2022-06-01T23:24:52.066 fb421fe4-75cb-428e-a70c-c63a90af1dc4 GET /board/dump/xml - - - frontend8
2022-06-01T23:24:52.071 0138fd6e-9d8f-4eb4-8e97-2cc0d52867de GET /doc/full - - - frontend16
2022-06-01T23:24:52.088 60278d29-0eca-48a9-ac7a-8ad7c8b24a1b GET /doc - - - frontend19
2022-06-01T23:24:52.096 0138fd6e-9d8f-4eb4-8e97-2cc0d52867de HANDLE - - - - worker31
2022-06-01T23:24:52.120 2db80d3f-123c-43be-bcaf-c7445ed24a61 POST /user/login - - - frontend20
2022-06-01T23:24:52.127 60278d29-0eca-48a9-ac7a-8ad7c8b24a1b HANDLE - - - - worker1
2022-06-01T23:24:52.131 4675b8be-abb6-4f32-ac6e-a1384a53cdc8 GET /doc - - - frontend12
2022-06-01T23:24:52.132 0138fd6e-9d8f-4eb4-8e97-2cc0d52867de RESPOND - - 200 - frontend16
2022-06-01T23:24:52.164 2db80d3f-123c-43be-bcaf-c7445ed24a61 HANDLE - - - - worker17
2022-06-01T23:24:52.170 4675b8be-abb6-4f32-ac6e-a1384a53cdc8 HANDLE - - - - worker27
2022-06-01T23:24:52.185 60278d29-0eca-48a9-ac7a-8ad7c8b24a1b RESPOND - - 200 - frontend19
2022-06-01T23:24:52.198 4675b8be-abb6-4f32-ac6e-a1384a53cdc8 RESPOND - - 200 - frontend12
2022-06-01T23:24:52.237 2db80d3f-123c-43be-bcaf-c7445ed24a61 RESPOND - - 200 - frontend20
2022-06-01T23:24:52.795 fb421fe4-75cb-428e-a70c-c63a90af1dc4 HANDLE - - - - worker41
2022-06-01T23:24:52.832 fb421fe4-75cb-428e-a70c-c63a90af1dc4 RESPOND - - 200 - frontend8
2022-06-01T23:24:52.848 f1e7bb0c-2cd3-4c99-9ac9-af81f1bffb81 GET /doc/list - - - frontend1
2022-06-01T23:24:52.860 424944b1-1c26-4eb1-a5a2-3736d0b5cef3 POST /user/login - - - frontend11
2022-06-01T23:24:52.874 67d91a27-660c-437a-a2bf-afba02f320a6 GET /doc/list - - - frontend10
2022-06-01T23:24:52.882 f1e7bb0c-2cd3-4c99-9ac9-af81f1bffb81 HANDLE - - - - worker7
2022-06-01T23:24:52.901 424944b1-1c26-4eb1-a5a2-3736d0b5cef3 HANDLE - - - - worker38
2022-06-01T23:24:52.903 67d91a27-660c-437a-a2bf-afba02f320a6 HANDLE - - - - worker38
2022-06-01T23:24:52.909 5518268f-7a06-470c-acd0-978146720898 GET /doc/list - - - frontend20
2022-06-01T23:24:52.917 f699f468-8539-420b-b851-8cfbed953725 GET /doc/full - - - frontend9
2022-06-01T23:24:52.946 f699f468-8539-420b-b851-8cfbed953725 HANDLE - - - - worker42
2022-06-01T23:24:52.947 424944b1-1c26-4eb1-a5a2-3736d0b5cef3 RESPOND - - 200 - frontend11
2022-06-01T23:24:52.949 67d91a27-660c-437a-a2bf-afba02f320a6 RESPOND - - 200 - frontend10
2022-06-01T23:24:52.949 5518268f-7a06-470c-acd0-978146720898 HANDLE - - - - worker28
2022-06-01T23:24:52.950 f1e7bb0c-2cd3-4c99-9ac9-af81f1bffb81 RESPOND - - 200 - frontend1
2022-06-01T23:24:52.977 5518268f-7a06-470c-acd0-978146720898 RESPOND - - 200 - frontend20
2022-06-01T23:24:52.991 f699f468-8539-420b-b851-8cfbed953725 RESPOND - - 200 - frontend9
2022-06-01T23:24:53.003 7c9c8349-2f16-4530-bf08-6272e64556ec GET /user/avatar - - - frontend19
2022-06-01T23:24:53.018 90a6a73c-cf83-4720-b187-2e0ac379a80d GET /doc/list - - - frontend10
2022-06-01T23:24:53.025 c7c03e6e-14b3-4076-9599-07e14bdc8f09 GET /board/dump/json - - - frontend2
2022-06-01T23:24:53.033 7c9c8349-2f16-4530-bf08-6272e64556ec HANDLE - - - - worker2
2022-06-01T23:24:53.056 90a6a73c-cf83-4720-b187-2e0ac379a80d HANDLE - - - - worker6
2022-06-01T23:24:53.071 c7c03e6e-14b3-4076-9599-07e14bdc8f09 HANDLE - - - - worker25
2022-06-01T23:24:53.082 52dc3d34-4f0e-48b7-becb-740dd3871db8 GET /board/dump/xml - - - frontend5
2022-06-01T23:24:53.082 91a21fc3-af50-4a53-adcf-84e4a8d7f4ec GET /board/dump/json - - - frontend5
2022-06-01T23:24:53.091 90a6a73c-cf83-4720-b187-2e0ac379a80d RESPOND - - 200 - frontend10
2022-06-01T23:24:53.102 7c9c8349-2f16-4530-bf08-6272e64556ec RESPOND - - 200 - frontend19
2022-06-01T23:24:53.108 c7c03e6e-14b3-4076-9599-07e14bdc8f09 RESPOND - - 200 - frontend2
2022-06-01T23:24:53.108 91a21fc3-af50-4a53-adcf-84e4a8d7f4ec HANDLE - - - - worker22
2022-06-01T23:24:53.108 52dc3d34-4f0e-48b7-becb-740dd3871db8 HANDLE - - - - worker48
2022-06-01T23:24:53.168 91a21fc3-af50-4a53-adcf-84e4a8d7f4ec RESPOND - - 200 - frontend5
2022-06-01T23:24:53.174 52dc3d34-4f0e-48b7-becb-740dd3871db8 RESPOND - - 200 - frontend5
2022-06-01T23:24:53.189 1b71fe61-0d26-4a78-812c-9769ecdacdc4 GET /doc/full - - - frontend12
2022-06-01T23:24:53.220 1b71fe61-0d26-4a78-812c-9769ecdacdc4 HANDLE - - - - worker8
2022-06-01T23:24:53.229 49c7889f-5ad0-4640-9fb1-529ed3158d9b GET /user/logoff - - - frontend7
2022-06-01T23:24:53.243 1ce30f69-3a3b-4183-b925-399cfbe4961d GET /doc/full - - - frontend10
2022-06-01T23:24:53.245 1b71fe61-0d26-4a78-812c-9769ecdacdc4 RESPOND - - 200 - frontend12
2022-06-01T23:24:53.246 cc7ad132-23f6-48f7-bd67-d7e1f77c5f16 GET /board/dump/xml - - - frontend13
2022-06-01T23:24:53.255 49c7889f-5ad0-4640-9fb1-529ed3158d9b HANDLE - - - - worker6
2022-06-01T23:24:53.263 7c4f0fdc-b901-4b0e-81ea-aa23955c3773 GET /doc/list - - - frontend15
2022-06-01T23:24:53.280 cc7ad132-23f6-48f7-bd67-d7e1f77c5f16 HANDLE - - - - worker39
2022-06-01T23:24:53.280 7c4f0fdc-b901-4b0e-81ea-aa23955c3773 HANDLE - - - - worker38
2022-06-01T23:24:53.283 49c7889f-5ad0-4640-9fb1-529ed3158d9b RESPOND - - 200 - frontend7
2022-06-01T23:24:53.291 1ce30f69-3a3b-4183-b925-399cfbe4961d HANDLE - - - - worker2
2022-06-01T23:24:53.307 cc7ad132-23f6-48f7-bd67-d7e1f77c5f16 RESPOND - - 200 - frontend13
2022-06-01T23:24:53.335 1ce30f69-3a3b-4183-b925-399cfbe4961d RESPOND - - 200 - frontend10
2022-06-01T23:24:53.353 7c4f0fdc-b901-4b0e-81ea-aa23955c3773 RESPOND - - 200 - frontend15
2022-06-01T23:24:53.386 46424bfa-3ad3-4222-b695-d9bc8f028395 GET /user/avatar - - - frontend17
2022-06-01T23:24:53.387 50eae3cf-f0c9-452a-9725-8279940d7b1b GET /board - - - frontend16
2022-06-01T23:24:53.397 a69f9e1f-cd83-4daa-a50f-14597212f3f2 GET /board/dump/json - - - frontend10
2022-06-01T23:24:53.421 62357a14-f736-4416-bf2c-0fcbb3d32904 POST /user/login - - - frontend20
2022-06-01T23:24:53.425 46424bfa-3ad3-4222-b695-d9bc8f028395 HANDLE - - - - worker2
2022-06-01T23:24:53.430 50eae3cf-f0c9-452a-9725-8279940d7b1b HANDLE - - - - worker9
2022-06-01T23:24:53.438 a69f9e1f-cd83-4daa-a50f-14597212f3f2 HANDLE - - - - worker15
2022-06-01T23:24:53.452 4dfa8d0d-634c-469b-9640-256ce2faab5a GET /board - - - frontend2
2022-06-01T23:24:53.468 62357a14-f736-4416-bf2c-0fcbb3d32904 HANDLE - - - - worker40
2022-06-01T23:24:53.469 46424bfa-3ad3-4222-b695-d9bc8f028395 RESPOND - - 200 - frontend17
2022-06-01T23:24:53.472 a69f9e1f-cd83-4daa-a50f-14597212f3f2 RESPOND - - 200 - frontend10
2022-06-01T23:24:53.491 50eae3cf-f0c9-452a-9725-8279940d7b1b RESPOND - - 200 - frontend16
2022-06-01T23:24:53.501 4dfa8d0d-634c-469b-9640-256ce2faab5a HANDLE - - - - worker45
2022-06-01T23:24:53.505 62357a14-f736-4416-bf2c-0fcbb3d32904 RESPOND - - 200 - frontend20
2022-06-01T23:24:53.563 4dfa8d0d-634c-469b-9640-256ce2faab5a RESPOND - - 200 - frontend2
2022-06-01T23:24:53.591 fc0793d9-d73f-4636-9b9d-b56bdb83fb1e POST /user/login - - - frontend16
2022-06-01T23:24:53.605 39a2e4cf-a216-4844-ab03-d71c4b194cfa GET /board - - - frontend6
2022-06-01T23:24:53.610 fc0793d9-d73f-4636-9b9d-b56bdb83fb1e HANDLE - - - - worker42
2022-06-01T23:24:53.614 dc192b02-1bcf-4c10-8a0e-48742dc5436b GET /doc/full - - - frontend18
2022-06-01T23:24:53.622 39a2e4cf-a216-4844-ab03-d71c4b194cfa HANDLE - - - - worker45
2022-06-01T23:24:53.635 9fe672dd-86b4-416e-b86d-eb9f4dac921a GET /user/logoff - - - frontend11
2022-06-01T23:24:53.647 cf94a5dc-f570-4715-b16f-0718fa960481 GET /board - - - frontend6
2022-06-01T23:24:53.649 dc192b02-1bcf-4c10-8a0e-48742dc5436b HANDLE - - - - worker49
2022-06-01T23:24:53.674 39a2e4cf-a216-4844-ab03-d71c4b194cfa RESPOND - - 200 - frontend6
2022-06-01T23:24:53.676 fc0793d9-d73f-4636-9b9d-b56bdb83fb1e RESPOND - - 200 - frontend16
2022-06-01T23:24:53.680 9fe672dd-86b4-416e-b86d-eb9f4dac921a HANDLE - - - - worker10
2022-06-01T23:24:53.684 cf94a5dc-f570-4715-b16f-0718fa960481 HANDLE - - - - worker1
2022-06-01T23:24:53.697 dc192b02-1bcf-4c10-8a0e-48742dc5436b RESPOND - - 200 - frontend18
2022-06-01T23:24:53.732 9fe672dd-86b4-416e-b86d-eb9f4dac921a RESPOND - - 200 - frontend11
2022-06-01T23:24:53.754 cf94a5dc-f570-4715-b16f-0718fa960481 RESPOND - - 200 - frontend6
2022-06-01T23:24:53.764 7e2367b8-e14e-410a-9247-0b8c7aa96e88 GET /user/avatar - - - frontend9
2022-06-01T23:24:53.786 f4761ce3-6ca2-41f8-b1bb-2b3b067e3c56 POST /user/login - - - frontend13
2022-06-01T23:24:53.790 7e2367b8-e14e-410a-9247-0b8c7aa96e88 HANDLE - - - - worker30
2022-06-01T23:24:53.796 e003b4da-87e3-4d94-b2cf-b32f48ab32ee POST /doc/comments - - - frontend7
2022-06-01T23:24:53.827 3b92af9e-4023-4b92-98d9-9513a07c4c1a GET /user/avatar - - - frontend3
2022-06-01T23:24:53.833 f4761ce3-6ca2-41f8-b1bb-2b3b067e3c56 HANDLE - - - - worker10
2022-06-01T23:24:53.834 e003b4da-87e3-4d94-b2cf-b32f48ab32ee HANDLE - - - - worker46
2022-06-01T23:24:53.852 7925a01b-d9b8-4993-ab9e-344cc45d566d GET /board - - - frontend1
2022-06-01T23:24:53.876 e003b4da-87e3-4d94-b2cf-b32f48ab32ee RESPOND - - 200 - frontend7
2022-06-01T23:24:53.881 7925a01b-d9b8-4993-ab9e-344cc45d566d HANDLE - - - - worker42
2022-06-01T23:24:53.906 f4761ce3-6ca2-41f8-b1bb-2b3b067e3c56 RESPOND - - 200 - frontend13
2022-06-01T23:24:53.913 7925a01b-d9b8-4993-ab9e-344cc45d566d RESPOND - - 200 - frontend1
2022-06-01T23:24:54.514 7e2367b8-e14e-410a-9247-0b8c7aa96e88 RESPOND - - 200 - frontend9
2022-06-01T23:24:54.623 3b92af9e-4023-4b92-98d9-9513a07c4c1a HANDLE - - - - worker29
2022-06-01T23:24:54.689 3b92af9e-4023-4b92-98d9-9513a07c4c1a RESPOND - - 200 - frontend3
2022-06-01T23:24:54.714 63265e71-eec6-4f39-bbfb-296954b7ba10 GET /user/logoff - - - frontend7
2022-06-01T23:24:54.725 9d71ec3f-1b31-447c-bc16-4a97b9e63e40 GET /doc - - - frontend14
2022-06-01T23:24:54.736 64ef187f-53a6-45dc-914c-8ffdd2fd3829 GET /doc/list - - - frontend2
2022-06-01T23:24:54.748 0838fabd-e501-4c62-8776-75c5037a9bae GET /doc/list - - - frontend17
2022-06-01T23:24:54.760 72c5918c-e569-43eb-bf4d-a871478b43c3 POST /doc/comments - - - frontend18
2022-06-01T23:24:54.762 63265e71-eec6-4f39-bbfb-296954b7ba10 HANDLE - - - - worker10
2022-06-01T23:24:54.763 9d71ec3f-1b31-447c-bc16-4a97b9e63e40 HANDLE - - - - worker16
2022-06-01T23:24:54.767 0838fabd-e501-4c62-8776-75c5037a9bae HANDLE - - - - worker42
2022-06-01T23:24:54.771 64ef187f-53a6-45dc-914c-8ffdd2fd3829 HANDLE - - - - worker9
2022-06-01T23:24:54.776 72c5918c-e569-43eb-bf4d-a871478b43c3 HANDLE - - - - worker34
2022-06-01T23:24:54.807 0838fabd-e501-4c62-8776-75c5037a9bae RESPOND - - 200 - frontend17
2022-06-01T23:24:54.814 63265e71-eec6-4f39-bbfb-296954b7ba10 RESPOND - - 200 - frontend7
2022-06-01T23:24:54.826 9d71ec3f-1b31-447c-bc16-4a97b9e63e40 RESPOND - - 200 - frontend14
2022-06-01T23:24:54.841 64ef187f-53a6-45dc-914c-8ffdd2fd3829 RESPOND - - 200 - frontend2
2022-06-01T23:24:54.841 72c5918c-e569-43eb-bf4d-a871478b43c3 RESPOND - - 200 - frontend18
2022-06-01T23:24:54.861 c17e39e2-f800-4470-9042-121cd31be3b5 GET /board/dump/xml - - - frontend12
2022-06-01T23:24:54.870 7a5c9e60-fd00-48b2-91d6-9cb5a4c07149 GET /board/dump/xml - - - frontend19
2022-06-01T23:24:54.881 c17e39e2-f800-4470-9042-121cd31be3b5 HANDLE - - - - worker15
2022-06-01T23:24:54.895 7a5c9e60-fd00-48b2-91d6-9cb5a4c07149 HANDLE - - - - worker28
2022-06-01T23:24:54.897 ce7f3e73-e23d-48ac-8037-58df0cf2f1cc POST /user/login - - - frontend17
2022-06-01T23:24:54.904 4a7fec54-426f-41ec-a7d4-7119cbcd2b8c GET /board - - - frontend5
2022-06-01T23:24:54.905 b7cac50e-5ea1-459b-891c-acb8e85a4af6 POST /user/login - - - frontend15
2022-06-01T23:24:54.924 b7cac50e-5ea1-459b-891c-acb8e85a4af6 HANDLE - - - - worker15
2022-06-01T23:24:54.931 c17e39e2-f800-4470-9042-121cd31be3b5 RESPOND - - 200 - frontend12
2022-06-01T23:24:54.935 7a5c9e60-fd00-48b2-91d6-9cb5a4c07149 RESPOND - - 200 - frontend19
2022-06-01T23:24:54.942 ce7f3e73-e23d-48ac-8037-58df0cf2f1cc HANDLE - - - - worker11
2022-06-01T23:24:54.953 4a7fec54-426f-41ec-a7d4-7119cbcd2b8c HANDLE - - - - worker44
2022-06-01T23:24:54.955 b7cac50e-5ea1-459b-891c-acb8e85a4af6 RESPOND - - 200 - frontend15
2022-06-01T23:24:54.978 ce7f3e73-e23d-48ac-8037-58df0cf2f1cc RESPOND - - 200 - frontend17
2022-06-01T23:24:55.016 4a7fec54-426f-41ec-a7d4-7119cbcd2b8c RESPOND - - 200 - frontend5
2022-06-01T23:24:55.030 6dded528-3e72-4c20-a61d-5641b27e17ee GET /doc - - - frontend2
2022-06-01T23:24:55.057 6dded528-3e72-4c20-a61d-5641b27e17ee HANDLE - - - - worker43
2022-06-01T23:24:55.068 73f1b107-a61f-40ea-9e88-84f81b3e50cd GET /board/dump/xml - - - frontend6
2022-06-01T23:24:55.073 31996372-df34-4db4-b43b-f287c4e3bdb1 GET /doc/full - - - frontend6
2022-06-01T23:24:55.075 4bee87fb-ce69-4cd4-bce1-a689ed1133e2 GET /board - - - frontend16
2022-06-01T23:24:55.107 31996372-df34-4db4-b43b-f287c4e3bdb1 HANDLE - - - - worker1
2022-06-01T23:24:55.109 4bee87fb-ce69-4cd4-bce1-a689ed1133e2 HANDLE - - - - worker24
2022-06-01T23:24:55.109 afcc83a3-e2d0-481a-a333-6eccb4cf723b GET /user/logoff - - - frontend8
2022-06-01T23:24:55.114 73f1b107-a61f-40ea-9e88-84f81b3e50cd HANDLE - - - - worker45
2022-06-01T23:24:55.114 6dded528-3e72-4c20-a61d-5641b27e17ee RESPOND - - 200 - frontend2
2022-06-01T23:24:55.147 73f1b107-a61f-40ea-9e88-84f81b3e50cd RESPOND - - 200 - frontend6
2022-06-01T23:24:55.156 31996372-df34-4db4-b43b-f287c4e3bdb1 RESPOND - - 200 - frontend6
2022-06-01T23:24:55.168 4bee87fb-ce69-4cd4-bce1-a689ed1133e2 RESPOND - - 200 - frontend16
2022-06-01T23:24:55.915 afcc83a3-e2d0-481a-a333-6eccb4cf723b HANDLE - - - - worker27
2022-06-01T23:24:55.943 afcc83a3-e2d0-481a-a333-6eccb4cf723b RESPOND - - 200 - frontend8
2022-06-01T23:24:55.956 90196998-f624-4388-884e-e0755b8aaf4a POST /user/login - - - frontend3
2022-06-01T23:24:55.960 79e4934d-ef1b-4ea4-8178-d244fd8fa1f7 GET /doc - - - frontend6
2022-06-01T23:24:55.986 2bd9aea9-018a-4a62-8efc-657d7b3ddf87 POST /user/login - - - frontend15
2022-06-01T23:24:55.988 79e4934d-ef1b-4ea4-8178-d244fd8fa1f7 HANDLE - - - - worker23
2022-06-01T23:24:56.012 cb4f229c-3e94-42bb-a882-b0ce9d183dc3 GET /doc/list - - - frontend2
2022-06-01T23:24:56.016 1d33e236-753c-4ccd-ad4b-701294465f7e GET /board/dump/json - - - frontend13
2022-06-01T23:24:56.018 79e4934d-ef1b-4ea4-8178-d244fd8fa1f7 RESPOND - - 200 - frontend6
2022-06-01T23:24:56.024 2bd9aea9-018a-4a62-8efc-657d7b3ddf87 HANDLE - - - - worker3
2022-06-01T23:24:56.038 cb4f229c-3e94-42bb-a882-b0ce9d183dc3 HANDLE - - - - worker46
2022-06-01T23:24:56.052 1d33e236-753c-4ccd-ad4b-701294465f7e HANDLE - - - - worker36
2022-06-01T23:24:56.087 cb4f229c-3e94-42bb-a882-b0ce9d183dc3 RESPOND - - 200 - frontend2
2022-06-01T23:24:56.096 2bd9aea9-018a-4a62-8efc-657d7b3ddf87 RESPOND - - 200 - frontend15
2022-06-01T23:24:56.123 1d33e236-753c-4ccd-ad4b-701294465f7e RESPOND - - 200 - frontend13
2022-06-01T23:24:56.752 90196998-f624-4388-884e-e0755b8aaf4a HANDLE - - - - worker46
2022-06-01T23:24:56.818 90196998-f624-4388-884e-e0755b8aaf4a RESPOND - - 200 - frontend3
2022-06-01T23:24:56.867 37501b54-9f8d-47e2-b5f8-dae5fd7931b7 GET /user/logoff - - - frontend4
2022-06-01T23:24:56.882 53d98770-0541-433f-8d98-650c349e6a71 GET /doc/full - - - frontend17
2022-06-01T23:24:56.891 b3f43204-51d5-4aeb-82b4-caef03873cbd POST /doc/comments - - - frontend13
2022-06-01T23:24:56.901 19727c79-8f12-4ad3-b0f2-9bb4cbc5b34d GET /user/avatar - - - frontend4
2022-06-01T23:24:56.904 37501b54-9f8d-47e2-b5f8-dae5fd7931b7 HANDLE - - - - worker17
2022-06-01T23:24:56.913 53d98770-0541-433f-8d98-650c349e6a71 HANDLE - - - - worker6
2022-06-01T23:24:56.914 7e00deab-8f20-4c0d-b849-58eadd3884c0 GET /doc/full - - - frontend17
2022-06-01T23:24:56.930 19727c79-8f12-4ad3-b0f2-9bb4cbc5b34d HANDLE - - - - worker33
2022-06-01T23:24:56.931 b3f43204-51d5-4aeb-82b4-caef03873cbd HANDLE - - - - worker19
2022-06-01T23:24:56.955 7e00deab-8f20-4c0d-b849-58eadd3884c0 HANDLE - - - - worker28
2022-06-01T23:24:56.960 37501b54-9f8d-47e2-b5f8-dae5fd7931b7 RESPOND - - 200 - frontend4
2022-06-01T23:24:56.976 b3f43204-51d5-4aeb-82b4-caef03873cbd RESPOND - - 200 - frontend13
2022-06-01T23:24:56.978 53d98770-0541-433f-8d98-650c349e6a71 RESPOND - - 200 - frontend17
2022-06-01T23:24:56.986 7e00deab-8f20-4c0d-b849-58eadd3884c0 RESPOND - - 200 - frontend17
2022-06-01T23:24:57.756 19727c79-8f12-4ad3-b0f2-9bb4cbc5b34d RESPOND - - 200 - frontend4
2022-06-01T23:24:57.769 73c84536-4726-4986-9945-5d64cfac1f6d GET /doc/full - - - frontend10
2022-06-01T23:24:57.786 73c84536-4726-4986-9945-5d64cfac1f6d HANDLE - - - - worker6
2022-06-01T23:24:57.791 4043c384-c54b-46a6-ba4f-12fb156b98ec GET /doc/full - - - frontend16
2022-06-01T23:24:57.800 688f05a4-2eac-4405-9185-d2bdef8828da GET /board/dump/xml - - - frontend20
2022-06-01T23:24:57.814 de550434-45cb-4afe-ac8d-1a250c9d8269 POST /doc/comments - - - frontend16
2022-06-01T23:24:57.817 aea7fa1c-7575-4255-9414-5ae2cbd96275 GET /board/dump/xml - - - frontend8
2022-06-01T23:24:57.826 4043c384-c54b-46a6-ba4f-12fb156b98ec HANDLE - - - - worker25
2022-06-01T23:24:57.837 73c84536-4726-4986-9945-5d64cfac1f6d RESPOND - - 200 - frontend10
2022-06-01T23:24:57.841 de550434-45cb-4afe-ac8d-1a250c9d8269 HANDLE - - - - worker12
2022-06-01T23:24:57.849 688f05a4-2eac-4405-9185-d2bdef8828da HANDLE - - - - worker41
2022-06-01T23:24:57.898 4043c384-c54b-46a6-ba4f-12fb156b98ec RESPOND - - 200 - frontend16
2022-06-01T23:24:57.905 688f05a4-2eac-4405-9185-d2bdef8828da RESPOND - - 200 - frontend20
2022-06-01T23:24:57.906 de550434-45cb-4afe-ac8d-1a250c9d8269 RESPOND - - 200 - frontend16
2022-06-01T23:24:58.461 aea7fa1c-7575-4255-9414-5ae2cbd96275 HANDLE - - - - worker22
2022-06-01T23:24:58.521 aea7fa1c-7575-4255-9414-5ae2cbd96275 RESPOND - - 200 - frontend8
2022-06-01T23:24:58.533 4206599c-1af0-44e2-ad49-9b9b4973479f GET /doc/list - - - frontend1
2022-06-01T23:24:58.565 9a979a3d-900f-4b96-98ac-f38aa5297986 GET /doc/list - - - frontend18
2022-06-01T23:24:58.574 4206599c-1af0-44e2-ad49-9b9b4973479f HANDLE - - - - worker1
2022-06-01T23:24:58.595 38114735-fadc-4d52-8bfb-7d8975d1d45e GET /board/dump/json - - - frontend14
2022-06-01T23:24:58.607 9a979a3d-900f-4b96-98ac-f38aa5297986 HANDLE - - - - worker44
2022-06-01T23:24:58.613 69346f1f-a5d3-4522-82c9-dfc588ec97e8 GET /doc - - - frontend16
2022-06-01T23:24:58.617 01aa88a8-9b1e-492a-8397-51b93a020287 GET /board - - - frontend12
2022-06-01T23:24:58.621 38114735-fadc-4d52-8bfb-7d8975d1d45e HANDLE - - - - worker22
2022-06-01T23:24:58.630 4206599c-1af0-44e2-ad49-9b9b4973479f RESPOND - - 200 - frontend1
2022-06-01T23:24:58.643 01aa88a8-9b1e-492a-8397-51b93a020287 HANDLE - - - - worker41
2022-06-01T23:24:58.649 69346f1f-a5d3-4522-82c9-dfc588ec97e8 HANDLE - - - - worker43
2022-06-01T23:24:58.671 38114735-fadc-4d52-8bfb-7d8975d1d45e RESPOND - - 200 - frontend14
2022-06-01T23:24:58.673 9a979a3d-900f-4b96-98ac-f38aa5297986 RESPOND - - 200 - frontend18
2022-06-01T23:24:58.689 69346f1f-a5d3-4522-82c9-dfc588ec97e8 RESPOND - - 200 - frontend16
2022-06-01T23:24:58.690 01aa88a8-9b1e-492a-8397-51b93a020287 RESPOND - - 200 - frontend12
2022-06-01T23:24:58.709 ea1aa38b-a1a8-4d05-a173-1a74036946bc GET /doc/list - - - frontend4
2022-06-01T23:24:58.717 5237275f-46d7-49cf-9495-619b65f079c8 GET /board/dump/json - - - frontend8
2022-06-01T23:24:58.718 1ec478dd-0f79-4626-b690-01c37a941b6f POST /user/login - - - frontend14
2022-06-01T23:24:58.730 ea1aa38b-a1a8-4d05-a173-1a74036946bc HANDLE - - - - worker12
2022-06-01T23:24:58.756 3805ab30-b76f-47d3-8509-c4c9b0493017 GET /doc/list - - - frontend15
2022-06-01T23:24:58.758 1ec478dd-0f79-4626-b690-01c37a941b6f HANDLE - - - - worker28
2022-06-01T23:24:58.774 ea1aa38b-a1a8-4d05-a173-1a74036946bc RESPOND - - 200 - frontend4
2022-06-01T23:24:58.788 4e1d8c58-efa2-484c-99ad-1a34a23ba4d2 GET /board - - - frontend8
2022-06-01T23:24:58.789 3805ab30-b76f-47d3-8509-c4c9b0493017 HANDLE - - - - worker32
2022-06-01T23:24:58.816 1ec478dd-0f79-4626-b690-01c37a941b6f RESPOND - - 200 - frontend14
2022-06-01T23:24:58.838 3805ab30-b76f-47d3-8509-c4c9b0493017 RESPOND - - 200 - frontend15
2022-06-01T23:24:59.488 4e1d8c58-efa2-484c-99ad-1a34a23ba4d2 HANDLE - - - - worker37
2022-06-01T23:24:59.513 5237275f-46d7-49cf-9495-619b65f079c8 HANDLE - - - - worker19
2022-06-01T23:24:59.560 4e1d8c58-efa2-484c-99ad-1a34a23ba4d2 RESPOND - - 200 - frontend8
2022-06-01T23:24:59.570 5237275f-46d7-49cf-9495-619b65f079c8 RESPOND - - 200 - frontend8
2022-06-01T23:24:59.589 7d7ba83f-983a-4efd-9cbf-ea20a84d3701 POST /doc/comments - - - frontend2
2022-06-01T23:24:59.605 5331ed8c-6fa9-4cda-8731-54450a35203d GET /doc/full - - - frontend20
2022-06-01T23:24:59.610 7d7ba83f-983a-4efd-9cbf-ea20a84d3701 HANDLE - - - - worker32
2022-06-01T23:24:59.614 9c0e5b62-bf35-4225-ae5e-3e3ec028fd59 GET /doc/full - - - frontend8
2022-06-01T23:24:59.644 5331ed8c-6fa9-4cda-8731-54450a35203d HANDLE - - - - worker50
2022-06-01T23:24:59.653 2df7736a-fabb-437c-82fd-c1e460526e9d GET /user/avatar - - - frontend8
2022-06-01T23:24:59.666 7d7ba83f-983a-4efd-9cbf-ea20a84d3701 RESPOND - - 200 - frontend2
2022-06-01T23:24:59.669 db27cdd0-b805-4272-846d-adf00bafd6ae GET /board - - - frontend17
2022-06-01T23:24:59.711 db27cdd0-b805-4272-846d-adf00bafd6ae HANDLE - - - - worker28
2022-06-01T23:24:59.714 5331ed8c-6fa9-4cda-8731-54450a35203d RESPOND - - 200 - frontend20
2022-06-01T23:24:59.758 db27cdd0-b805-4272-846d-adf00bafd6ae RESPOND - - 200 - frontend17
2022-06-01T23:25:00.281 9c0e5b62-bf35-4225-ae5e-3e3ec028fd59 HANDLE - - - - worker30
2022-06-01T23:25:00.444 2df7736a-fabb-437c-82fd-c1e460526e9d HANDLE - - - - worker42
2022-06-01T23:25:00.516 2df7736a-fabb-437c-82fd-c1e460526e9d RESPOND - - 200 - frontend8
2022-06-01T23:25:01.064 9c0e5b62-bf35-4225-ae5e-3e3ec028fd59 RESPOND - - 200 - frontend8
2022-06-01T23:25:01.078 af93fb10-9426-4b89-97e4-5a3d8cd14bcd GET /board/dump/json - - - frontend16
2022-06-01T23:25:01.095 af93fb10-9426-4b89-97e4-5a3d8cd14bcd HANDLE - - - - worker23
2022-06-01T23:25:01.100 63884d1b-9ece-4a4b-a3cf-62798ed68ce5 GET /user/logoff - - - frontend5
2022-06-01T23:25:01.104 e68b7e10-1c57-4146-9606-d6e6962d1a0c GET /doc - - - frontend8
2022-06-01T23:25:01.115 63884d1b-9ece-4a4b-a3cf-62798ed68ce5 HANDLE - - - - worker11
2022-06-01T23:25:01.154 a341a939-9e24-428e-9707-89dcbba6e467 POST /user/login - - - frontend16
2022-06-01T23:25:01.163 3d293682-5526-46c5-9a92-1f905ee07bbc GET /user/avatar - - - frontend12
2022-06-01T23:25:01.167 af93fb10-9426-4b89-97e4-5a3d8cd14bcd RESPOND - - 200 - frontend16
2022-06-01T23:25:01.171 a341a939-9e24-428e-9707-89dcbba6e467 HANDLE - - - - worker3
2022-06-01T23:25:01.186 63884d1b-9ece-4a4b-a3cf-62798ed68ce5 RESPOND - - 200 - frontend5
2022-06-01T23:25:01.200 3d293682-5526-46c5-9a92-1f905ee07bbc HANDLE - - - - worker30
2022-06-01T23:25:01.234 a341a939-9e24-428e-9707-89dcbba6e467 RESPOND - - 200 - frontend16
2022-06-01T23:25:01.858 3d293682-5526-46c5-9a92-1f905ee07bbc RESPOND - - 200 - frontend12
2022-06-01T23:25:01.881 e68b7e10-1c57-4146-9606-d6e6962d1a0c HANDLE - - - - worker31
2022-06-01T23:25:01.909 e68b7e10-1c57-4146-9606-d6e6962d1a0c RESPOND - - 200 - frontend8
2022-06-01T23:25:01.921 727392ad-6e59-4fd2-a167-bb50c55ecf10 GET /board/dump/xml - - - frontend3
2022-06-01T23:25:01.938 0894f27f-26cc-4b13-b05b-02af8f1f8d2a GET /board/dump/xml - - - frontend20
2022-06-01T23:25:01.960 0894f27f-26cc-4b13-b05b-02af8f1f8d2a HANDLE - - - - worker38
2022-06-01T23:25:01.963 4ef23f44-bc45-426e-bfa7-de9ddfd2bda5 GET /board/dump/xml - - - frontend9
2022-06-01T23:25:01.967 64c4e457-f869-4a62-aa23-9f05f17e800a GET /board/dump/xml - - - frontend8
2022-06-01T23:25:01.990 05629e4f-21c9-4420-b8a0-973a15f40f85 GET /user/logoff - - - frontend6
2022-06-01T23:25:02.012 4ef23f44-bc45-426e-bfa7-de9ddfd2bda5 HANDLE - - - - worker44
2022-06-01T23:25:02.018 0894f27f-26cc-4b13-b05b-02af8f1f8d2a RESPOND - - 200 - frontend20
2022-06-01T23:25:02.034 05629e4f-21c9-4420-b8a0-973a15f40f85 HANDLE - - - - worker28
2022-06-01T23:25:02.066 05629e4f-21c9-4420-b8a0-973a15f40f85 RESPOND - - 200 - frontend6
2022-06-01T23:25:02.073 4ef23f44-bc45-426e-bfa7-de9ddfd2bda5 RESPOND - - 200 - frontend9
2022-06-01T23:25:02.604 64c4e457-f869-4a62-aa23-9f05f17e800a HANDLE - - - - worker7
2022-06-01T23:25:02.651 64c4e457-f869-4a62-aa23-9f05f17e800a RESPOND - - 200 - frontend8
2022-06-01T23:25:02.669 727392ad-6e59-4fd2-a167-bb50c55ecf10 HANDLE - - - - worker39
2022-06-01T23:25:02.705 727392ad-6e59-4fd2-a167-bb50c55ecf10 RESPOND - - 200 - frontend3
2022-06-01T23:25:02.721 9e0d6fbb-fd91-4232-a862-a77061b5d294 GET /user/logoff - - - frontend1
2022-06-01T23:25:02.730 65f972de-083e-4b29-8344-a9cfa38d2c5e GET /doc - - - frontend9
2022-06-01T23:25:02.737 9e0d6fbb-fd91-4232-a862-a77061b5d294 HANDLE - - - - worker5
2022-06-01T23:25:02.742 c0be571e-e81d-4c96-b6e0-8b3f86b49082 GET /doc/full - - - frontend12
2022-06-01T23:25:02.763 65f972de-083e-4b29-8344-a9cfa38d2c5e HANDLE - - - - worker16
2022-06-01T23:25:02.781 c0be571e-e81d-4c96-b6e0-8b3f86b49082 HANDLE - - - - worker49
2022-06-01T23:25:02.797 9e0d6fbb-fd91-4232-a862-a77061b5d294 RESPOND - - 200 - frontend1
2022-06-01T23:25:02.804 f6b866d4-1390-4347-8fed-81c25a9127ea GET /user/avatar - - - frontend1
2022-06-01T23:25:02.805 8544a8ea-07a3-40e2-be34-68c1dce3472c GET /user/logoff - - - frontend13
2022-06-01T23:25:02.808 65f972de-083e-4b29-8344-a9cfa38d2c5e RESPOND - - 200 - frontend9
2022-06-01T23:25:02.822 c0be571e-e81d-4c96-b6e0-8b3f86b49082 RESPOND - - 200 - frontend12
2022-06-01T23:25:02.832 8544a8ea-07a3-40e2-be34-68c1dce3472c HANDLE - - - - worker14
2022-06-01T23:25:02.837 f6b866d4-1390-4347-8fed-81c25a9127ea HANDLE - - - - worker41
2022-06-01T23:25:02.879 8544a8ea-07a3-40e2-be34-68c1dce3472c RESPOND - - 200 - frontend13
2022-06-01T23:25:02.906 f6b866d4-1390-4347-8fed-81c25a9127ea RESPOND - - 200 - frontend1
2022-06-01T23:25:02.925 43b5fad5-ef45-48d8-9821-c53065c3764f GET /user/logoff - - - frontend15
2022-06-01T23:25:02.935 0a05d29c-c5af-4c47-b0dc-6a884141a04f GET /user/avatar - - - frontend7
2022-06-01T23:25:02.952 0a05d29c-c5af-4c47-b0dc-6a884141a04f HANDLE - - - - worker5
2022-06-01T23:25:02.953 43b5fad5-ef45-48d8-9821-c53065c3764f HANDLE - - - - worker15
2022-06-01T23:25:02.965 812106fc-36c0-4f96-9d02-74c3a6210d77 GET /doc - - - frontend5
2022-06-01T23:25:02.967 3d237e56-76aa-4592-9eb2-30b4a7c35d0f GET /board/dump/json - - - frontend1
2022-06-01T23:25:02.981 0a05d29c-c5af-4c47-b0dc-6a884141a04f RESPOND - - 200 - frontend7
2022-06-01T23:25:02.983 fd385d3e-411a-4263-9a15-2456c2c274ba GET /board/dump/xml - - - frontend7
2022-06-01T23:25:02.983 812106fc-36c0-4f96-9d02-74c3a6210d77 HANDLE - - - - worker20
2022-06-01T23:25:02.985 3d237e56-76aa-4592-9eb2-30b4a7c35d0f HANDLE - - - - worker37
2022-06-01T23:25:03.006 43b5fad5-ef45-48d8-9821-c53065c3764f RESPOND - - 200 - frontend15
2022-06-01T23:25:03.013 fd385d3e-411a-4263-9a15-2456c2c274ba HANDLE - - - - worker34
2022-06-01T23:25:03.038 812106fc-36c0-4f96-9d02-74c3a6210d77 RESPOND - - 200 - frontend5
2022-06-01T23:25:03.041 3d237e56-76aa-4592-9eb2-30b4a7c35d0f RESPOND - - 200 - frontend1
2022-06-01T23:25:03.069 fd385d3e-411a-4263-9a15-2456c2c274ba RESPOND - - 200 - frontend7
2022-06-01T23:25:03.096 627959c7-8773-4e73-89ad-201d8f126449 GET /board - - - frontend20
2022-06-01T23:25:03.120 627959c7-8773-4e73-89ad-201d8f126449 HANDLE - - - - worker18
2022-06-01T23:25:03.122 457edb74-ddfc-49f8-971b-31d834e0e7bd GET /board - - - frontend10
2022-06-01T23:25:03.123 3511b244-5981-4201-a563-a2982d49ac58 GET /board - - - frontend14
2022-06-01T23:25:03.124 9d00713c-526e-4912-8e1f-5e8056a4600f GET /board/dump/json - - - frontend17
2022-06-01T23:25:03.154 3511b244-5981-4201-a563-a2982d49ac58 HANDLE - - - - worker22
2022-06-01T23:25:03.157 9d00713c-526e-4912-8e1f-5e8056a4600f HANDLE - - - - worker9
2022-06-01T23:25:03.160 457edb74-ddfc-49f8-971b-31d834e0e7bd HANDLE - - - - worker27
2022-06-01T23:25:03.163 3aa628ca-46e6-4057-9b64-434ee70ab25c GET /user/logoff - - - frontend16
2022-06-01T23:25:03.184 627959c7-8773-4e73-89ad-201d8f126449 RESPOND - - 200 - frontend20
2022-06-01T23:25:03.191 3511b244-5981-4201-a563-a2982d49ac58 RESPOND - - 200 - frontend14
2022-06-01T23:25:03.212 9d00713c-526e-4912-8e1f-5e8056a4600f RESPOND - - 200 - frontend17
2022-06-01T23:25:03.212 3aa628ca-46e6-4057-9b64-434ee70ab25c HANDLE - - - - worker21
2022-06-01T23:25:03.222 457edb74-ddfc-49f8-971b-31d834e0e7bd RESPOND - - 200 - frontend10
2022-06-01T23:25:03.276 3aa628ca-46e6-4057-9b64-434ee70ab25c RESPOND - - 200 - frontend16
2022-06-01T23:25:03.296 0aee6da1-7bf9-462f-b79f-4b36f9a6a000 GET /board/dump/xml - - - frontend2
2022-06-01T23:25:03.311 0aee6da1-7bf9-462f-b79f-4b36f9a6a000 HANDLE - - - - worker45
2022-06-01T23:25:03.330 f27c3312-e6e6-4a21-84fe-4e87419532b3 GET /board/dump/xml - - - frontend12
2022-06-01T23:25:03.335 532da9e3-c5df-48d3-a028-d563808b69c8 GET /user/avatar - - - frontend19
2022-06-01T23:25:03.347 f27c3312-e6e6-4a21-84fe-4e87419532b3 HANDLE - - - - worker35
2022-06-01T23:25:03.347 0aee6da1-7bf9-462f-b79f-4b36f9a6a000 RESPOND - - 200 - frontend2
2022-06-01T23:25:03.347 e1e92de9-d69a-4d1f-81e5-ac2c2d4734c5 GET /board/dump/json - - - frontend17
2022-06-01T23:25:03.363 e1e92de9-d69a-4d1f-81e5-ac2c2d4734c5 HANDLE - - - - worker13
2022-06-01T23:25:03.366 800ee55f-2c67-47c9-82d3-bcbe7bbc40a3 GET /doc - - - frontend17
2022-06-01T23:25:03.378 f27c3312-e6e6-4a21-84fe-4e87419532b3 RESPOND - - 200 - frontend12
2022-06-01T23:25:03.383 532da9e3-c5df-48d3-a028-d563808b69c8 HANDLE - - - - worker20
2022-06-01T23:25:03.393 800ee55f-2c67-47c9-82d3-bcbe7bbc40a3 HANDLE - - - - worker48
2022-06-01T23:25:03.401 e1e92de9-d69a-4d1f-81e5-ac2c2d4734c5 RESPOND - - 200 - frontend17
2022-06-01T23:25:03.434 532da9e3-c5df-48d3-a028-d563808b69c8 RESPOND - - 200 - frontend19
2022-06-01T23:25:03.436 800ee55f-2c67-47c9-82d3-bcbe7bbc40a3 RESPOND - - 200 - frontend17
2022-06-01T23:25:03.490 47422332-f0c0-4633-ae91-17d1129b4c6f GET /board - - - frontend5
2022-06-01T23:25:03.508 47422332-f0c0-4633-ae91-17d1129b4c6f HANDLE - - - - worker37
2022-06-01T23:25:03.510 e74965c8-48f3-4959-b5f8-b92d53cbb133 POST /user/login - - - frontend4
2022-06-01T23:25:03.515 2c974b77-f0a1-474b-9496-e9eb554a5a10 GET /user/logoff - - - frontend4
2022-06-01T23:25:03.517 fc28bd53-1cc1-476a-8eab-e86747513e11 GET /user/logoff - - - frontend9
2022-06-01T23:25:03.527 b910feb3-4e27-4ce9-9fe0-3e978d64ec57 GET /board/dump/xml - - - frontend13
2022-06-01T23:25:03.547 47422332-f0c0-4633-ae91-17d1129b4c6f RESPOND - - 200 - frontend5
2022-06-01T23:25:03.548 fc28bd53-1cc1-476a-8eab-e86747513e11 HANDLE - - - - worker45
2022-06-01T23:25:03.550 2c974b77-f0a1-474b-9496-e9eb554a5a10 HANDLE - - - - worker38
2022-06-01T23:25:03.559 e74965c8-48f3-4959-b5f8-b92d53cbb133 HANDLE - - - - worker48
2022-06-01T23:25:03.560 b910feb3-4e27-4ce9-9fe0-3e978d64ec57 HANDLE - - - - worker9
2022-06-01T23:25:03.581 2c974b77-f0a1-474b-9496-e9eb554a5a10 RESPOND - - 200 - frontend4
2022-06-01T23:25:03.601 fc28bd53-1cc1-476a-8eab-e86747513e11 RESPOND - - 200 - frontend9
2022-06-01T23:25:03.605 e74965c8-48f3-4959-b5f8-b92d53cbb133 RESPOND - - 200 - frontend4
2022-06-01T23:25:03.626 b910feb3-4e27-4ce9-9fe0-3e978d64ec57 RESPOND - - 200 - frontend13
2022-06-01T23:25:03.654 48c7e7a5-56fc-4bd9-a1d7-36e28b6277ba GET /doc - - - frontend20
2022-06-01T23:25:03.668 fd18dd39-a2a4-4707-b423-427e53ad0af2 GET /board/dump/json - - - frontend16
2022-06-01T23:25:03.697 7c1d17ce-97b8-473e-aa42-b78bd7aafa08 GET /user/avatar - - - frontend18
2022-06-01T23:25:03.698 4506c84a-2512-48df-ab72-bf83bf2b896e GET /doc/list - - - frontend17
2022-06-01T23:25:03.701 48c7e7a5-56fc-4bd9-a1d7-36e28b6277ba HANDLE - - - - worker13
2022-06-01T23:25:03.701 fd18dd39-a2a4-4707-b423-427e53ad0af2 HANDLE - - - - worker22
2022-06-01T23:25:03.705 176d6b0b-dcb9-4206-b1a6-09e5c84f8e28 GET /board/dump/xml - - - frontend1
2022-06-01T23:25:03.716 4506c84a-2512-48df-ab72-bf83bf2b896e HANDLE - - - - worker32
2022-06-01T23:25:03.718 7c1d17ce-97b8-473e-aa42-b78bd7aafa08 HANDLE - - - - worker50
2022-06-01T23:25:03.732 fd18dd39-a2a4-4707-b423-427e53ad0af2 RESPOND - - 200 - frontend16
2022-06-01T23:25:03.736 176d6b0b-dcb9-4206-b1a6-09e5c84f8e28 HANDLE - - - - worker30
2022-06-01T23:25:03.746 48c7e7a5-56fc-4bd9-a1d7-36e28b6277ba RESPOND - - 200 - frontend20
2022-06-01T23:25:03.753 7c1d17ce-97b8-473e-aa42-b78bd7aafa08 RESPOND - - 200 - frontend18
2022-06-01T23:25:03.760 4506c84a-2512-48df-ab72-bf83bf2b896e RESPOND - - 200 - frontend17
2022-06-01T23:25:04.389 176d6b0b-dcb9-4206-b1a6-09e5c84f8e28 RESPOND - - 200 - frontend1
2022-06-01T23:25:04.400 39a61523-3c76-48ce-8957-2ac57a4a58d9 GET /board/dump/xml - - - frontend5
2022-06-01T23:25:04.437 454ab564-c8c1-42cd-a6be-228e69090e98 POST /user/login - - - frontend12
2022-06-01T23:25:04.444 39a61523-3c76-48ce-8957-2ac57a4a58d9 HANDLE - - - - worker38
2022-06-01T23:25:04.446 a85692f7-3486-48ba-83ef-82ffc90fe088 GET /user/logoff - - - frontend16
2022-06-01T23:25:04.447 d5262235-b40c-4eb0-9d57-fb7cdb7547d2 POST /user/login - - - frontend3
2022-06-01T23:25:04.453 454ab564-c8c1-42cd-a6be-228e69090e98 HANDLE - - - - worker46
2022-06-01T23:25:04.454 673522a2-7a19-4b0f-a30c-03bcaacf9d12 POST /doc/comments - - - frontend11
2022-06-01T23:25:04.470 a85692f7-3486-48ba-83ef-82ffc90fe088 HANDLE - - - - worker3
2022-06-01T23:25:04.475 39a61523-3c76-48ce-8957-2ac57a4a58d9 RESPOND - - 200 - frontend5
2022-06-01T23:25:04.503 673522a2-7a19-4b0f-a30c-03bcaacf9d12 HANDLE - - - - worker14
2022-06-01T23:25:04.523 454ab564-c8c1-42cd-a6be-228e69090e98 RESPOND - - 200 - frontend12
2022-06-01T23:25:04.542 a85692f7-3486-48ba-83ef-82ffc90fe088 RESPOND - - 200 - frontend16
2022-06-01T23:25:04.559 673522a2-7a19-4b0f-a30c-03bcaacf9d12 RESPOND - - 200 - frontend11
2022-06-01T23:25:05.225 d5262235-b40c-4eb0-9d57-fb7cdb7547d2 HANDLE - - - - worker43
2022-06-01T23:25:05.268 d5262235-b40c-4eb0-9d57-fb7cdb7547d2 RESPOND - - 200 - frontend3
2022-06-01T23:25:05.293 66c6dfa8-37a5-49e3-896a-f9bb9cf1ecdd GET /doc - - - frontend3
2022-06-01T23:25:05.305 fc6aeca1-df12-4c2c-8cbd-03592052754d GET /board - - - frontend20
2022-06-01T23:25:05.324 716aff93-0371-4eea-ad8e-711bf750aab7 GET /board - - - frontend15
2022-06-01T23:25:05.349 8d8a6b4a-48b1-47a7-bcde-c100609810e5 GET /board/dump/json - - - frontend11
2022-06-01T23:25:05.351 fc6aeca1-df12-4c2c-8cbd-03592052754d HANDLE - - - - worker44
2022-06-01T23:25:05.351 79ad4486-4913-4fc9-b2b0-e6ba912d9ca1 POST /doc/comments - - - frontend16
2022-06-01T23:25:05.356 716aff93-0371-4eea-ad8e-711bf750aab7 HANDLE - - - - worker42
2022-06-01T23:25:05.384 8d8a6b4a-48b1-47a7-bcde-c100609810e5 HANDLE - - - - worker46
2022-06-01T23:25:05.393 79ad4486-4913-4fc9-b2b0-e6ba912d9ca1 HANDLE - - - - worker26
2022-06-01T23:25:05.405 fc6aeca1-df12-4c2c-8cbd-03592052754d RESPOND - - 200 - frontend20
2022-06-01T23:25:05.417 716aff93-0371-4eea-ad8e-711bf750aab7 RESPOND - - 200 - frontend15
2022-06-01T23:25:05.429 79ad4486-4913-4fc9-b2b0-e6ba912d9ca1 RESPOND - - 200 - frontend16
2022-06-01T23:25:05.448 8d8a6b4a-48b1-47a7-bcde-c100609810e5 RESPOND - - 200 - frontend11
2022-06-01T23:25:05.995 66c6dfa8-37a5-49e3-896a-f9bb9cf1ecdd HANDLE - - - - worker19
2022-06-01T23:25:06.021 66c6dfa8-37a5-49e3-896a-f9bb9cf1ecdd RESPOND - - 200 - frontend3
2022-06-01T23:25:06.034 847d3dd4-db24-407b-8314-b27ec4bd9377 GET /board/dump/xml - - - frontend2
2022-06-01T23:25:06.038 a7f71073-47e4-49dd-b419-02742f5d6871 GET /doc - - - frontend8
2022-06-01T23:25:06.077 847d3dd4-db24-407b-8314-b27ec4bd9377 HANDLE - - - - worker39
2022-06-01T23:25:06.085 ebb11e1d-ac93-470b-b248-b3abae74abe5 GET /board/dump/xml - - - frontend15
2022-06-01T23:25:06.111 9a2f2801-0956-4622-8e0b-b8e5f100f85b GET /doc - - - frontend12
2022-06-01T23:25:06.111 6f23acd0-68ca-4d64-9c43-dd41fa07af3f GET /board/dump/json - - - frontend13
2022-06-01T23:25:06.127 ebb11e1d-ac93-470b-b248-b3abae74abe5 HANDLE - - - - worker16
2022-06-01T23:25:06.127 9a2f2801-0956-4622-8e0b-b8e5f100f85b HANDLE - - - - worker38
2022-06-01T23:25:06.147 847d3dd4-db24-407b-8314-b27ec4bd9377 RESPOND - - 200 - frontend2
2022-06-01T23:25:06.160 6f23acd0-68ca-4d64-9c43-dd41fa07af3f HANDLE - - - - worker8
2022-06-01T23:25:06.170 9a2f2801-0956-4622-8e0b-b8e5f100f85b RESPOND - - 200 - frontend12
2022-06-01T23:25:06.195 ebb11e1d-ac93-470b-b248-b3abae74abe5 RESPOND - - 200 - frontend15
2022-06-01T23:25:06.216 6f23acd0-68ca-4d64-9c43-dd41fa07af3f RESPOND - - 200 - frontend13
2022-06-01T23:25:06.851 a7f71073-47e4-49dd-b419-02742f5d6871 HANDLE - - - - worker45
2022-06-01T23:25:06.907 a7f71073-47e4-49dd-b419-02742f5d6871 RESPOND - - 200 - frontend8
2022-06-01T23:25:06.926 14b0d0a0-89d8-4379-9822-a9fb74026490 POST /doc/comments - - - frontend9
2022-06-01T23:25:06.936 51e38722-7422-4edf-84c2-9df3dea41a3d GET /doc/full - - - frontend3
2022-06-01T23:25:06.962 14b0d0a0-89d8-4379-9822-a9fb74026490 HANDLE - - - - worker6
2022-06-01T23:25:06.968 6d935455-aad0-4021-839f-231e520915d4 GET /board/dump/json - - - frontend8
2022-06-01T23:25:06.980 424d89ab-b20b-479b-a193-4faf0e352de8 GET /user/logoff - - - frontend16
2022-06-01T23:25:06.989 940b1111-26d3-4515-982a-224dcccb8a55 GET /user/logoff - - - frontend2
2022-06-01T23:25:06.997 14b0d0a0-89d8-4379-9822-a9fb74026490 RESPOND - - 200 - frontend9
2022-06-01T23:25:07.004 424d89ab-b20b-479b-a193-4faf0e352de8 HANDLE - - - - worker14
2022-06-01T23:25:07.015 940b1111-26d3-4515-982a-224dcccb8a55 HANDLE - - - - worker20
2022-06-01T23:25:07.048 940b1111-26d3-4515-982a-224dcccb8a55 RESPOND - - 200 - frontend2
2022-06-01T23:25:07.064 424d89ab-b20b-479b-a193-4faf0e352de8 RESPOND - - 200 - frontend16
2022-06-01T23:25:07.614 51e38722-7422-4edf-84c2-9df3dea41a3d HANDLE - - - - worker23
2022-06-01T23:25:07.667 6d935455-aad0-4021-839f-231e520915d4 HANDLE - - - - worker34
2022-06-01T23:25:07.669 51e38722-7422-4edf-84c2-9df3dea41a3d RESPOND - - 200 - frontend3
2022-06-01T23:25:07.715 6d935455-aad0-4021-839f-231e520915d4 RESPOND - - 200 - frontend8
2022-06-01T23:25:07.743 8b69e043-e313-4982-ae48-400a5ade92d6 POST /doc/comments - - - frontend14
2022-06-01T23:25:07.749 edcb9817-874e-47f5-9d41-4737e13fd596 GET /board/dump/json - - - frontend4
2022-06-01T23:25:07.770 f8182198-0106-46e7-aa74-dc3ed4c7d420 GET /user/logoff - - - frontend8
2022-06-01T23:25:07.782 8b69e043-e313-4982-ae48-400a5ade92d6 HANDLE - - - - worker23
2022-06-01T23:25:07.793 a0f264f7-00b0-43e5-8d38-d7853597cf2a GET /board/dump/xml - - - frontend20
2022-06-01T23:25:07.793 edcb9817-874e-47f5-9d41-4737e13fd596 HANDLE - - - - worker26
2022-06-01T23:25:07.798 4d3dc591-5b5f-4a13-838b-65f8116f1c15 GET /board/dump/xml - - - frontend9
2022-06-01T23:25:07.819 8b69e043-e313-4982-ae48-400a5ade92d6 RESPOND - - 200 - frontend14
2022-06-01T23:25:07.827 4d3dc591-5b5f-4a13-838b-65f8116f1c15 HANDLE - - - - worker40
2022-06-01T23:25:07.828 a0f264f7-00b0-43e5-8d38-d7853597cf2a HANDLE - - - - worker27
2022-06-01T23:25:07.854 edcb9817-874e-47f5-9d41-4737e13fd596 RESPOND - - 200 - frontend4
2022-06-01T23:25:07.899 a0f264f7-00b0-43e5-8d38-d7853597cf2a RESPOND - - 200 - frontend20
2022-06-01T23:25:07.901 4d3dc591-5b5f-4a13-838b-65f8116f1c15 RESPOND - - 200 - frontend9
2022-06-01T23:25:08.548 f8182198-0106-46e7-aa74-dc3ed4c7d420 HANDLE - - - - worker42
2022-06-01T23:25:08.604 f8182198-0106-46e7-aa74-dc3ed4c7d420 RESPOND - - 200 - frontend8
2022-06-01T23:25:08.624 ccf0dba1-c5eb-4b8a-9ecc-b3acaa04390d POST /doc/comments - - - frontend5
2022-06-01T23:25:08.640 dc824738-5a0f-4e1e-ba7e-9a1f723a8ec8 GET /board/dump/xml - - - frontend17
2022-06-01T23:25:08.652 ccf0dba1-c5eb-4b8a-9ecc-b3acaa04390d HANDLE - - - - worker38
2022-06-01T23:25:08.652 52d262f0-1220-4afb-b51b-00670789ca27 POST /doc/comments - - - frontend8
2022-06-01T23:25:08.656 c866b395-ec2e-47ed-9553-8dd6ed1328ca POST /doc/comments - - - frontend2
2022-06-01T23:25:08.673 dc824738-5a0f-4e1e-ba7e-9a1f723a8ec8 HANDLE - - - - worker49
2022-06-01T23:25:08.676 3ede982d-7296-4a92-81d6-e52029c3b122 GET /board - - - frontend7
2022-06-01T23:25:08.685 c866b395-ec2e-47ed-9553-8dd6ed1328ca HANDLE - - - - worker36
2022-06-01T23:25:08.696 ccf0dba1-c5eb-4b8a-9ecc-b3acaa04390d RESPOND - - 200 - frontend5
2022-06-01T23:25:08.723 dc824738-5a0f-4e1e-ba7e-9a1f723a8ec8 RESPOND - - 200 - frontend17
2022-06-01T23:25:08.726 3ede982d-7296-4a92-81d6-e52029c3b122 HANDLE - - - - worker9
2022-06-01T23:25:08.731 c866b395-ec2e-47ed-9553-8dd6ed1328ca RESPOND - - 200 - frontend2
2022-06-01T23:25:08.787 3ede982d-7296-4a92-81d6-e52029c3b122 RESPOND - - 200 - frontend7
2022-06-01T23:25:09.383 52d262f0-1220-4afb-b51b-00670789ca27 HANDLE - - - - worker7
2022-06-01T23:25:09.424 52d262f0-1220-4afb-b51b-00670789ca27 RESPOND - - 200 - frontend8
2022-06-01T23:25:09.460 6f92dc6a-24f1-48d4-aa15-f0e809cf1703 GET /doc/full - - - frontend11
2022-06-01T23:25:09.466 61b8dc8d-88d7-47b7-b12e-a4e6df4d1451 GET /doc/full - - - frontend14
2022-06-01T23:25:09.466 fefcf285-920b-4f56-8c96-24f0df9fa9cf GET /board/dump/json - - - frontend3
2022-06-01T23:25:09.471 7f6c165b-ad37-4387-8264-881410f354a6 POST /user/login - - - frontend16
2022-06-01T23:25:09.491 6f92dc6a-24f1-48d4-aa15-f0e809cf1703 HANDLE - - - - worker45
2022-06-01T23:25:09.502 61b8dc8d-88d7-47b7-b12e-a4e6df4d1451 HANDLE - - - - worker6
2022-06-01T23:25:09.508 7f6c165b-ad37-4387-8264-881410f354a6 HANDLE - - - - worker39
2022-06-01T23:25:09.521 7bf57efb-b3fc-4b4f-b6fc-f5958cbfd475 GET /board/dump/json - - - frontend12
2022-06-01T23:25:09.521 6f92dc6a-24f1-48d4-aa15-f0e809cf1703 RESPOND - - 200 - frontend11
2022-06-01T23:25:09.559 61b8dc8d-88d7-47b7-b12e-a4e6df4d1451 RESPOND - - 200 - frontend14
2022-06-01T23:25:09.559 7bf57efb-b3fc-4b4f-b6fc-f5958cbfd475 HANDLE - - - - worker29
2022-06-01T23:25:09.573 7f6c165b-ad37-4387-8264-881410f354a6 RESPOND - - 200 - frontend16
2022-06-01T23:25:09.614 7bf57efb-b3fc-4b4f-b6fc-f5958cbfd475 RESPOND - - 200 - frontend12
2022-06-01T23:25:10.136 fefcf285-920b-4f56-8c96-24f0df9fa9cf HANDLE - - - - worker16
2022-06-01T23:25:10.203 fefcf285-920b-4f56-8c96-24f0df9fa9cf RESPOND - - 200 - frontend3
2022-06-01T23:25:10.233 86c16f57-a851-4fee-9f85-c7d55b108264 GET /board/dump/json - - - frontend6
2022-06-01T23:25:10.259 2cfba5fa-876c-43cf-be69-a52113d2d74d GET /doc/full - - - frontend5
2022-06-01T23:25:10.266 d4c57022-7367-4bc3-8e5e-83a3ebc4243b GET /board/dump/json - - - frontend7
2022-06-01T23:25:10.267 86c16f57-a851-4fee-9f85-c7d55b108264 HANDLE - - - - worker9
2022-06-01T23:25:10.277 f25b0e66-0bcd-4086-8eb9-b78a2a3cebf5 POST /user/login - - - frontend17
2022-06-01T23:25:10.280 24ab0e38-7bea-4762-b31a-c952bced97f5 POST /doc/comments - - - frontend13
2022-06-01T23:25:10.300 2cfba5fa-876c-43cf-be69-a52113d2d74d HANDLE - - - - worker27
2022-06-01T23:25:10.308 d4c57022-7367-4bc3-8e5e-83a3ebc4243b HANDLE - - - - worker3
2022-06-01T23:25:10.310 86c16f57-a851-4fee-9f85-c7d55b108264 RESPOND - - 200 - frontend6
2022-06-01T23:25:10.319 24ab0e38-7bea-4762-b31a-c952bced97f5 HANDLE - - - - worker30
2022-06-01T23:25:10.327 f25b0e66-0bcd-4086-8eb9-b78a2a3cebf5 HANDLE - - - - worker5
2022-06-01T23:25:10.328 2cfba5fa-876c-43cf-be69-a52113d2d74d RESPOND - - 200 - frontend5
2022-06-01T23:25:10.363 f25b0e66-0bcd-4086-8eb9-b78a2a3cebf5 RESPOND - - 200 - frontend17
2022-06-01T23:25:10.369 d4c57022-7367-4bc3-8e5e-83a3ebc4243b RESPOND - - 200 - frontend7
2022-06-01T23:25:10.974 24ab0e38-7bea-4762-b31a-c952bced97f5 RESPOND - - 200 - frontend13
2022-06-01T23:25:11.008 50295fcd-561b-4670-9624-2f0680635901 GET /user/logoff - - - frontend5
2022-06-01T23:25:11.025 af7bec9b-2f0c-4b2e-8174-9732af9e2326 GET /board/dump/json - - - frontend1
2022-06-01T23:25:11.026 50295fcd-561b-4670-9624-2f0680635901 HANDLE - - - - worker25
2022-06-01T23:25:11.039 c7834f31-c2ad-4b6a-8f8d-84d62029ba23 GET /doc/list - - - frontend7
2022-06-01T23:25:11.046 af7bec9b-2f0c-4b2e-8174-9732af9e2326 HANDLE - - - - worker42
2022-06-01T23:25:11.063 257432f4-e6b5-47a7-87ee-3b19a89e4456 GET /doc/list - - - frontend2
2022-06-01T23:25:11.070 50295fcd-561b-4670-9624-2f0680635901 RESPOND - - 200 - frontend5
2022-06-01T23:25:11.072 526bc9fc-6fd4-4457-a83c-ba03a98f7068 GET /user/avatar - - - frontend11
2022-06-01T23:25:11.077 c7834f31-c2ad-4b6a-8f8d-84d62029ba23 HANDLE - - - - worker24
2022-06-01T23:25:11.078 257432f4-e6b5-47a7-87ee-3b19a89e4456 HANDLE - - - - worker7
2022-06-01T23:25:11.102 526bc9fc-6fd4-4457-a83c-ba03a98f7068 HANDLE - - - - worker16
2022-06-01T23:25:11.114 af7bec9b-2f0c-4b2e-8174-9732af9e2326 RESPOND - - 200 - frontend1
2022-06-01T23:25:11.132 c7834f31-c2ad-4b6a-8f8d-84d62029ba23 RESPOND - - 200 - frontend7
2022-06-01T23:25:11.137 526bc9fc-6fd4-4457-a83c-ba03a98f7068 RESPOND - - 200 - frontend11
2022-06-01T23:25:11.141 257432f4-e6b5-47a7-87ee-3b19a89e4456 RESPOND - - 200 - frontend2
2022-06-01T23:25:11.185 df6294c8-e558-4d1f-b25c-b4899d197ef0 POST /user/login - - - frontend5
2022-06-01T23:25:11.211 f6add10f-203e-41a1-9e8f-c97a0fcc5d7d GET /doc - - - frontend10
2022-06-01T23:25:11.221 82f28999-7a35-4661-9cfb-ea7fc01b0f1e POST /doc/comments - - - frontend14
2022-06-01T23:25:11.223 504914a7-2d93-4385-8a19-8c5b4124f02e GET /board - - - frontend4
2022-06-01T23:25:11.232 0ad7760a-7ecf-4aef-b08a-e03c2b280c9d GET /user/logoff - - - frontend18
2022-06-01T23:25:11.233 df6294c8-e558-4d1f-b25c-b4899d197ef0 HANDLE - - - - worker6
2022-06-01T23:25:11.245 f6add10f-203e-41a1-9e8f-c97a0fcc5d7d HANDLE - - - - worker39
2022-06-01T23:25:11.256 504914a7-2d93-4385-8a19-8c5b4124f02e HANDLE - - - - worker49
2022-06-01T23:25:11.260 0ad7760a-7ecf-4aef-b08a-e03c2b280c9d HANDLE - - - - worker23
2022-06-01T23:25:11.263 82f28999-7a35-4661-9cfb-ea7fc01b0f1e HANDLE - - - - worker42
2022-06-01T23:25:11.284 f6add10f-203e-41a1-9e8f-c97a0fcc5d7d RESPOND - - 200 - frontend10
2022-06-01T23:25:11.292 82f28999-7a35-4661-9cfb-ea7fc01b0f1e RESPOND - - 200 - frontend14
2022-06-01T23:25:11.299 0ad7760a-7ecf-4aef-b08a-e03c2b280c9d RESPOND - - 200 - frontend18
2022-06-01T23:25:11.300 df6294c8-e558-4d1f-b25c-b4899d197ef0 RESPOND - - 200 - frontend5
2022-06-01T23:25:11.322 504914a7-2d93-4385-8a19-8c5b4124f02e RESPOND - - 200 - frontend4
2022-06-01T23:25:11.332 756ea240-5add-4a86-aae4-eb79fbe4e5ef GET /doc/full - - - frontend8
2022-06-01T23:25:11.375 fe3b122c-4586-47d3-aee0-e4c4b9b3045c GET /board/dump/json - - - frontend20
2022-06-01T23:25:11.381 445fe77b-e089-4923-9a5b-a12ae87810c7 GET /doc/list - - - frontend3
2022-06-01T23:25:11.388 f8302507-8017-42a2-b1f7-9f66a844a0e5 GET /board - - - frontend19
2022-06-01T23:25:11.395 27079e80-69bc-4293-aef1-55f32246cd34 POST /doc/comments - - - frontend8
2022-06-01T23:25:11.403 f8302507-8017-42a2-b1f7-9f66a844a0e5 HANDLE - - - - worker23
2022-06-01T23:25:11.423 fe3b122c-4586-47d3-aee0-e4c4b9b3045c HANDLE - - - - worker18
2022-06-01T23:25:11.456 f8302507-8017-42a2-b1f7-9f66a844a0e5 RESPOND - - 200 - frontend19
2022-06-01T23:25:11.487 fe3b122c-4586-47d3-aee0-e4c4b9b3045c RESPOND - - 200 - frontend20
2022-06-01T23:25:12.048 445fe77b-e089-4923-9a5b-a12ae87810c7 HANDLE - - - - worker20
2022-06-01T23:25:12.067 756ea240-5add-4a86-aae4-eb79fbe4e5ef HANDLE - - - - worker43
2022-06-01T23:25:12.112 756ea240-5add-4a86-aae4-eb79fbe4e5ef RESPOND - - 200 - frontend8
2022-06-01T23:25:12.122 445fe77b-e089-4923-9a5b-a12ae87810c7 RESPOND - - 200 - frontend3
2022-06-01T23:25:12.158 27079e80-69bc-4293-aef1-55f32246cd34 HANDLE - - - - worker50
2022-06-01T23:25:12.228 27079e80-69bc-4293-aef1-55f32246cd34 RESPOND - - 200 - frontend8
2022-06-01T23:25:12.244 0e58cd64-7375-4f1c-8136-27137d5554e1 POST /doc/comments - - - frontend6
2022-06-01T23:25:12.269 0e58cd64-7375-4f1c-8136-27137d5554e1 HANDLE - - - - worker35
2022-06-01T23:25:12.273 a49fc670-3260-44ff-8a77-34b9ddf7e491 GET /doc/full - - - frontend10
2022-06-01T23:25:12.305 39ba57ec-cad2-4c58-9c03-a6258c915301 GET /user/avatar - - - frontend14
2022-06-01T23:25:12.307 dd23cf1f-aa41-45ef-ba26-aa3e65ffcb8b POST /doc/comments - - - frontend9
2022-06-01T23:25:12.310 0e58cd64-7375-4f1c-8136-27137d5554e1 RESPOND - - 200 - frontend6
2022-06-01T23:25:12.315 895a71bc-2012-4634-8c06-545fce35ea9f POST /user/login - - - frontend8
2022-06-01T23:25:12.323 a49fc670-3260-44ff-8a77-34b9ddf7e491 HANDLE - - - - worker5
2022-06-01T23:25:12.338 dd23cf1f-aa41-45ef-ba26-aa3e65ffcb8b HANDLE - - - - worker21
2022-06-01T23:25:12.353 39ba57ec-cad2-4c58-9c03-a6258c915301 HANDLE - - - - worker21
2022-06-01T23:25:12.368 a49fc670-3260-44ff-8a77-34b9ddf7e491 RESPOND - - 200 - frontend10
2022-06-01T23:25:12.411 dd23cf1f-aa41-45ef-ba26-aa3e65ffcb8b RESPOND - - 200 - frontend9
2022-06-01T23:25:12.416 39ba57ec-cad2-4c58-9c03-a6258c915301 RESPOND - - 200 - frontend14
2022-06-01T23:25:12.938 895a71bc-2012-4634-8c06-545fce35ea9f HANDLE - - - - worker28
2022-06-01T23:25:12.966 895a71bc-2012-4634-8c06-545fce35ea9f RESPOND - - 200 - frontend8
2022-06-01T23:25:12.986 b9af8476-ff0f-49e0-9e1c-fb665b741b71 GET /board/dump/json - - - frontend6
2022-06-01T23:25:12.997 606013f9-6bb9-40a3-890f-ec739929a1d2 GET /doc - - - frontend7
2022-06-01T23:25:13.018 7f485644-80a1-420f-bd89-4e6d0b2147a0 GET /board/dump/json - - - frontend7
2022-06-01T23:25:13.024 49b3c240-fd4d-4e79-acbd-4b0999749b55 GET /board/dump/json - - - frontend3
2022-06-01T23:25:13.034 b9af8476-ff0f-49e0-9e1c-fb665b741b71 HANDLE - - - - worker20
2022-06-01T23:25:13.035 606013f9-6bb9-40a3-890f-ec739929a1d2 HANDLE - - - - worker44
2022-06-01T23:25:13.046 67d0ab00-ed31-4b83-880a-c3c6221a847b GET /board - - - frontend16
2022-06-01T23:25:13.047 7f485644-80a1-420f-bd89-4e6d0b2147a0 HANDLE - - - - worker24
2022-06-01T23:25:13.067 606013f9-6bb9-40a3-890f-ec739929a1d2 RESPOND - - 200 - frontend7
2022-06-01T23:25:13.087 67d0ab00-ed31-4b83-880a-c3c6221a847b HANDLE - - - - worker50
2022-06-01T23:25:13.087 b9af8476-ff0f-49e0-9e1c-fb665b741b71 RESPOND - - 200 - frontend6
2022-06-01T23:25:13.092 7f485644-80a1-420f-bd89-4e6d0b2147a0 RESPOND - - 200 - frontend7
2022-06-01T23:25:13.158 67d0ab00-ed31-4b83-880a-c3c6221a847b RESPOND - - 200 - frontend16
2022-06-01T23:25:13.833 49b3c240-fd4d-4e79-acbd-4b0999749b55 HANDLE - - - - worker12
2022-06-01T23:25:13.887 49b3c240-fd4d-4e79-acbd-4b0999749b55 RESPOND - - 200 - frontend3
2022-06-01T23:25:13.905 26c5b38f-3f7a-4133-a6cf-26756954e667 GET /board/dump/json - - - frontend12
2022-06-01T23:25:13.929 26c5b38f-3f7a-4133-a6cf-26756954e667 HANDLE - - - - worker50
2022-06-01T23:25:13.931 7c328b6d-b548-4368-9a73-af32347cbea8 GET /doc/full - - - frontend13
2022-06-01T23:25:13.957 7c328b6d-b548-4368-9a73-af32347cbea8 HANDLE - - - - worker47
2022-06-01T23:25:13.957 93a294ee-4559-40c4-990b-2900c964952a GET /doc - - - frontend1
2022-06-01T23:25:13.958 cc03ae57-8fb7-4349-b879-43183d7dc64f GET /doc/list - - - frontend18
2022-06-01T23:25:13.958 26c5b38f-3f7a-4133-a6cf-26756954e667 RESPOND - - 200 - frontend12
2022-06-01T23:25:13.961 f08c9e37-7aa9-43bb-8b26-c721e860732e POST /doc/comments - - - frontend3
2022-06-01T23:25:13.973 93a294ee-4559-40c4-990b-2900c964952a HANDLE - - - - worker22
2022-06-01T23:25:13.988 cc03ae57-8fb7-4349-b879-43183d7dc64f HANDLE - - - - worker28
2022-06-01T23:25:14.024 93a294ee-4559-40c4-990b-2900c964952a RESPOND - - 200 - frontend1
2022-06-01T23:25:14.047 cc03ae57-8fb7-4349-b879-43183d7dc64f RESPOND - - 200 - frontend18
2022-06-01T23:25:14.617 7c328b6d-b548-4368-9a73-af32347cbea8 RESPOND - - 200 - frontend13
2022-06-01T23:25:14.747 f08c9e37-7aa9-43bb-8b26-c721e860732e HANDLE - - - - worker25
2022-06-01T23:25:14.788 f08c9e37-7aa9-43bb-8b26-c721e860732e RESPOND - - 200 - frontend3
2022-06-01T23:25:14.805 57ad5bf0-f3be-4dd7-b5c2-722d62fc726b POST /user/login - - - frontend7
2022-06-01T23:25:14.809 ba96d70d-19f8-476c-8e5d-ffe590ff2925 GET /doc - - - frontend6
2022-06-01T23:25:14.821 dd885873-315e-43a7-aec3-3964a427786a GET /user/avatar - - - frontend14
2022-06-01T23:25:14.841 57ad5bf0-f3be-4dd7-b5c2-722d62fc726b HANDLE - - - - worker1
2022-06-01T23:25:14.845 ba96d70d-19f8-476c-8e5d-ffe590ff2925 HANDLE - - - - worker42
2022-06-01T23:25:14.845 fa12bae3-e4d3-4609-918e-ed649e1ecd5c GET /board/dump/xml - - - frontend14
2022-06-01T23:25:14.855 dd885873-315e-43a7-aec3-3964a427786a HANDLE - - - - worker22
2022-06-01T23:25:14.857 6a9eed81-b237-47a2-b427-0fa16194a65d GET /user/logoff - - - frontend10
2022-06-01T23:25:14.879 fa12bae3-e4d3-4609-918e-ed649e1ecd5c HANDLE - - - - worker25
2022-06-01T23:25:14.894 ba96d70d-19f8-476c-8e5d-ffe590ff2925 RESPOND - - 200 - frontend6
2022-06-01T23:25:14.895 dd885873-315e-43a7-aec3-3964a427786a RESPOND - - 200 - frontend14
2022-06-01T23:25:14.906 6a9eed81-b237-47a2-b427-0fa16194a65d HANDLE - - - - worker41
2022-06-01T23:25:14.908 57ad5bf0-f3be-4dd7-b5c2-722d62fc726b RESPOND - - 200 - frontend7
2022-06-01T23:25:14.916 fa12bae3-e4d3-4609-918e-ed649e1ecd5c RESPOND - - 200 - frontend14
2022-06-01T23:25:14.967 6a9eed81-b237-47a2-b427-0fa16194a65d RESPOND - - 200 - frontend10
2022-06-01T23:25:14.990 a4174847-07a8-4a4e-8964-4044b1734433 GET /board/dump/json - - - frontend6
2022-06-01T23:25:15.000 a2522ade-900a-47a4-9e1c-058deca477fc GET /board/dump/xml - - - frontend1
2022-06-01T23:25:15.027 a4174847-07a8-4a4e-8964-4044b1734433 HANDLE - - - - worker44
2022-06-01T23:25:15.031 0847dd61-3639-4448-a593-fc5ebb3fbc5f GET /user/avatar - - - frontend16
2022-06-01T23:25:15.031 4b927f32-deec-41ba-b7ab-51177826d16c POST /doc/comments - - - frontend6
2022-06-01T23:25:15.036 a2522ade-900a-47a4-9e1c-058deca477fc HANDLE - - - - worker39
2022-06-01T23:25:15.049 4b927f32-deec-41ba-b7ab-51177826d16c HANDLE - - - - worker25
2022-06-01T23:25:15.051 0847dd61-3639-4448-a593-fc5ebb3fbc5f HANDLE - - - - worker14
2022-06-01T23:25:15.056 52317354-1d09-44b0-b21e-f318eb01678a GET /board/dump/json - - - frontend7
2022-06-01T23:25:15.083 4b927f32-deec-41ba-b7ab-51177826d16c RESPOND - - 200 - frontend6
2022-06-01T23:25:15.097 a4174847-07a8-4a4e-8964-4044b1734433 RESPOND - - 200 - frontend6
2022-06-01T23:25:15.103 52317354-1d09-44b0-b21e-f318eb01678a HANDLE - - - - worker7
2022-06-01T23:25:15.105 a2522ade-900a-47a4-9e1c-058deca477fc RESPOND - - 200 - frontend1
2022-06-01T23:25:15.107 0847dd61-3639-4448-a593-fc5ebb3fbc5f RESPOND - - 200 - frontend16
2022-06-01T23:25:15.144 52317354-1d09-44b0-b21e-f318eb01678a RESPOND - - 200 - frontend7
2022-06-01T23:25:15.170 a6a3a5f7-5fb1-4b2c-9abe-5c5227e8d048 POST /user/login - - - frontend13
2022-06-01T23:25:15.217 23d2a15f-56f2-4ae3-b2c0-c6dac3c4b2df POST /user/login - - - frontend13
2022-06-01T23:25:15.219 a6a3a5f7-5fb1-4b2c-9abe-5c5227e8d048 HANDLE - - - - worker29
2022-06-01T23:25:15.225 78f3abfc-33f8-4987-8999-31b82ea61bfc GET /doc/full - - - frontend1
2022-06-01T23:25:15.238 3bffe483-4958-4f27-9b66-3c9e582de194 POST /doc/comments - - - frontend9
2022-06-01T23:25:15.243 69c71b4b-e690-4f55-b4fb-912ddea9a7f7 GET /doc/full - - - frontend7
2022-06-01T23:25:15.254 3bffe483-4958-4f27-9b66-3c9e582de194 HANDLE - - - - worker9
2022-06-01T23:25:15.256 23d2a15f-56f2-4ae3-b2c0-c6dac3c4b2df HANDLE - - - - worker35
2022-06-01T23:25:15.269 a6a3a5f7-5fb1-4b2c-9abe-5c5227e8d048 RESPOND - - 200 - frontend13
2022-06-01T23:25:15.274 78f3abfc-33f8-4987-8999-31b82ea61bfc HANDLE - - - - worker33
2022-06-01T23:25:15.291 69c71b4b-e690-4f55-b4fb-912ddea9a7f7 HANDLE - - - - worker46
2022-06-01T23:25:15.296 23d2a15f-56f2-4ae3-b2c0-c6dac3c4b2df RESPOND - - 200 - frontend13
2022-06-01T23:25:15.301 3bffe483-4958-4f27-9b66-3c9e582de194 RESPOND - - 200 - frontend9
2022-06-01T23:25:15.316 69c71b4b-e690-4f55-b4fb-912ddea9a7f7 RESPOND - - 200 - frontend7
2022-06-01T23:25:16.064 78f3abfc-33f8-4987-8999-31b82ea61bfc RESPOND - - 200 - frontend1
2022-06-01T23:25:16.082 fb9330cd-0547-4491-a82d-d503248e8e3c POST /doc/comments - - - frontend16
2022-06-01T23:25:16.089 7e49e56c-ec88-4e18-b9d3-5751a6854cae POST /doc/comments - - - frontend2
2022-06-01T23:25:16.107 bb5c0be9-9cbc-4c3d-8340-528e33d3eead GET /board/dump/json - - - frontend5
2022-06-01T23:25:16.108 07a809f8-a52e-4ef9-bbb6-9167d6bfe61a GET /user/logoff - - - frontend4
2022-06-01T23:25:16.110 fb9330cd-0547-4491-a82d-d503248e8e3c HANDLE - - - - worker15
2022-06-01T23:25:16.118 7e49e56c-ec88-4e18-b9d3-5751a6854cae HANDLE - - - - worker20
2022-06-01T23:25:16.123 bb5c0be9-9cbc-4c3d-8340-528e33d3eead HANDLE - - - - worker33
2022-06-01T23:25:16.136 cfb29397-c18c-40aa-8b28-a79f6aba69d7 GET /user/avatar - - - frontend2
2022-06-01T23:25:16.141 07a809f8-a52e-4ef9-bbb6-9167d6bfe61a HANDLE - - - - worker30
2022-06-01T23:25:16.154 fb9330cd-0547-4491-a82d-d503248e8e3c RESPOND - - 200 - frontend16
2022-06-01T23:25:16.170 cfb29397-c18c-40aa-8b28-a79f6aba69d7 HANDLE - - - - worker46
2022-06-01T23:25:16.185 7e49e56c-ec88-4e18-b9d3-5751a6854cae RESPOND - - 200 - frontend2
2022-06-01T23:25:16.208 cfb29397-c18c-40aa-8b28-a79f6aba69d7 RESPOND - - 200 - frontend2
2022-06-01T23:25:16.864 07a809f8-a52e-4ef9-bbb6-9167d6bfe61a RESPOND - - 200 - frontend4
2022-06-01T23:25:16.875 bb5c0be9-9cbc-4c3d-8340-528e33d3eead RESPOND - - 200 - frontend5
2022-06-01T23:25:16.921 3c9b74e8-e952-4c43-9795-a0267225791e GET /board/dump/xml - - - frontend3
2022-06-01T23:25:16.944 22f84a41-9be0-4820-b675-65265b6aed4d GET /doc/full - - - frontend20
2022-06-01T23:25:16.963 dfd09e1e-2d20-4d63-8712-c7e427333d88 GET /doc - - - frontend8
2022-06-01T23:25:16.965 1b8f5c46-71b0-4ed2-ac84-8ec6eee2975a GET /board/dump/xml - - - frontend10
2022-06-01T23:25:16.965 22f84a41-9be0-4820-b675-65265b6aed4d HANDLE - - - - worker49
2022-06-01T23:25:16.973 ffe714e1-afa0-461e-8602-914cc8829fc0 POST /user/login - - - frontend11
2022-06-01T23:25:16.999 22f84a41-9be0-4820-b675-65265b6aed4d RESPOND - - 200 - frontend20
2022-06-01T23:25:16.999 ffe714e1-afa0-461e-8602-914cc8829fc0 HANDLE - - - - worker5
2022-06-01T23:25:17.000 1b8f5c46-71b0-4ed2-ac84-8ec6eee2975a HANDLE - - - - worker4
2022-06-01T23:25:17.031 1b8f5c46-71b0-4ed2-ac84-8ec6eee2975a RESPOND - - 200 - frontend10
2022-06-01T23:25:17.047 ffe714e1-afa0-461e-8602-914cc8829fc0 RESPOND - - 200 - frontend11
2022-06-01T23:25:17.655 3c9b74e8-e952-4c43-9795-a0267225791e HANDLE - - - - worker35
2022-06-01T23:25:17.696 3c9b74e8-e952-4c43-9795-a0267225791e RESPOND - - 200 - frontend3
2022-06-01T23:25:17.812 dfd09e1e-2d20-4d63-8712-c7e427333d88 HANDLE - - - - worker4
2022-06-01T23:25:17.837 dfd09e1e-2d20-4d63-8712-c7e427333d88 RESPOND - - 200 - frontend8
2022-06-01T23:25:17.850 0262d3e1-f635-4cb3-98fe-7ace3122d760 GET /board/dump/json - - - frontend5
2022-06-01T23:25:17.877 0262d3e1-f635-4cb3-98fe-7ace3122d760 HANDLE - - - - worker49
2022-06-01T23:25:17.880 d04bbd13-39ed-4a27-89e2-eb4cb3172f45 POST /user/login - - - frontend6
2022-06-01T23:25:17.884 71d07424-0fbe-4b19-8fea-1868bc53ca1e GET /user/avatar - - - frontend18
2022-06-01T23:25:17.904 28ea43e2-4993-4b6a-b32f-f7aa5ca67794 GET /board - - - frontend9
2022-06-01T23:25:17.909 0262d3e1-f635-4cb3-98fe-7ace3122d760 RESPOND - - 200 - frontend5
2022-06-01T23:25:17.919 28ea43e2-4993-4b6a-b32f-f7aa5ca67794 HANDLE - - - - worker43
2022-06-01T23:25:17.927 71d07424-0fbe-4b19-8fea-1868bc53ca1e HANDLE - - - - worker28
2022-06-01T23:25:17.927 d04bbd13-39ed-4a27-89e2-eb4cb3172f45 HANDLE - - - - worker32
2022-06-01T23:25:17.928 216b5480-65c9-4e70-bd6d-a1f829c9dffe GET /doc - - - frontend2
2022-06-01T23:25:17.944 216b5480-65c9-4e70-bd6d-a1f829c9dffe HANDLE - - - - worker7
2022-06-01T23:25:17.984 28ea43e2-4993-4b6a-b32f-f7aa5ca67794 RESPOND - - 200 - frontend9
2022-06-01T23:25:17.992 216b5480-65c9-4e70-bd6d-a1f829c9dffe RESPOND - - 200 - frontend2
2022-06-01T23:25:17.993 d04bbd13-39ed-4a27-89e2-eb4cb3172f45 RESPOND - - 200 - frontend6
2022-06-01T23:25:17.995 71d07424-0fbe-4b19-8fea-1868bc53ca1e RESPOND - - 200 - frontend18
2022-06-01T23:25:18.010 7730cacc-02b5-4cee-b376-f0a69a59b175 GET /user/logoff - - - frontend18
2022-06-01T23:25:18.011 0f5a7408-2c69-4dde-b7c6-c3de3bd0543e GET /doc/full - - - frontend11
2022-06-01T23:25:18.026 4ccec86f-7777-4a56-90c8-2f79cf855922 POST /doc/comments - - - frontend20
2022-06-01T23:25:18.030 7730cacc-02b5-4cee-b376-f0a69a59b175 HANDLE - - - - worker28
2022-06-01T23:25:18.040 fa61bd83-59f6-4acc-9cc8-406bd08fe8a5 GET /user/logoff - - - frontend14
2022-06-01T23:25:18.049 0f5a7408-2c69-4dde-b7c6-c3de3bd0543e HANDLE - - - - worker38
2022-06-01T23:25:18.054 4ccec86f-7777-4a56-90c8-2f79cf855922 HANDLE - - - - worker20
2022-06-01T23:25:18.084 7730cacc-02b5-4cee-b376-f0a69a59b175 RESPOND - - 200 - frontend18
2022-06-01T23:25:18.087 4ccec86f-7777-4a56-90c8-2f79cf855922 RESPOND - - 200 - frontend20
2022-06-01T23:25:18.087 fa61bd83-59f6-4acc-9cc8-406bd08fe8a5 HANDLE - - - - worker29
2022-06-01T23:25:18.094 468ebdf0-1c08-4292-9e87-54f28360e1cd POST /user/login - - - frontend14
2022-06-01T23:25:18.117 0f5a7408-2c69-4dde-b7c6-c3de3bd0543e RESPOND - - 200 - frontend11
2022-06-01T23:25:18.129 468ebdf0-1c08-4292-9e87-54f28360e1cd HANDLE - - - - worker17
2022-06-01T23:25:18.154 fa61bd83-59f6-4acc-9cc8-406bd08fe8a5 RESPOND - - 200 - frontend14
2022-06-01T23:25:18.163 468ebdf0-1c08-4292-9e87-54f28360e1cd RESPOND - - 200 - frontend14
2022-06-01T23:25:18.187 a142e5a8-8b75-4eb0-ab6a-6c39a8afdbea POST /user/login - - - frontend14
2022-06-01T23:25:18.200 06cec4e1-a7bf-498c-b345-61afc3aa4d20 GET /board/dump/xml - - - frontend20
2022-06-01T23:25:18.213 a142e5a8-8b75-4eb0-ab6a-6c39a8afdbea HANDLE - - - - worker19
2022-06-01T23:25:18.217 84bb56c6-b719-4329-b1df-372138e3da5a GET /board/dump/json - - - frontend16
2022-06-01T23:25:18.221 06cec4e1-a7bf-498c-b345-61afc3aa4d20 HANDLE - - - - worker14
2022-06-01T23:25:18.239 84bb56c6-b719-4329-b1df-372138e3da5a HANDLE - - - - worker2
2022-06-01T23:25:18.242 95e52167-39f5-460a-b07d-85a3ee60ac60 GET /board/dump/json - - - frontend10
2022-06-01T23:25:18.256 a142e5a8-8b75-4eb0-ab6a-6c39a8afdbea RESPOND - - 200 - frontend14
2022-06-01T23:25:18.257 d5ff5b93-fec3-474d-845f-9893bbd8bde6 GET /board/dump/xml - - - frontend18
2022-06-01T23:25:18.263 95e52167-39f5-460a-b07d-85a3ee60ac60 HANDLE - - - - worker36
2022-06-01T23:25:18.273 d5ff5b93-fec3-474d-845f-9893bbd8bde6 HANDLE - - - - worker28
2022-06-01T23:25:18.275 06cec4e1-a7bf-498c-b345-61afc3aa4d20 RESPOND - - 200 - frontend20
2022-06-01T23:25:18.293 84bb56c6-b719-4329-b1df-372138e3da5a RESPOND - - 200 - frontend16
2022-06-01T23:25:18.312 95e52167-39f5-460a-b07d-85a3ee60ac60 RESPOND - - 200 - frontend10
2022-06-01T23:25:18.323 d5ff5b93-fec3-474d-845f-9893bbd8bde6 RESPOND - - 200 - frontend18
2022-06-01T23:25:18.351 ccfc486e-6f2b-4032-a871-150f2430860d GET /user/avatar - - - frontend9
2022-06-01T23:25:18.351 0e7cff6b-b47a-4d36-a4c2-ce61596a4939 GET /user/logoff - - - frontend1
2022-06-01T23:25:18.363 2dc1ceea-e2d2-4afe-9785-1143f0a3959e GET /user/logoff - - - frontend13
2022-06-01T23:25:18.373 07776ee4-e9d1-4e5c-9aa6-08b8b9007be4 GET /doc/list - - - frontend16
2022-06-01T23:25:18.386 2dc1ceea-e2d2-4afe-9785-1143f0a3959e HANDLE - - - - worker40
2022-06-01T23:25:18.391 ccfc486e-6f2b-4032-a871-150f2430860d HANDLE - - - - worker34
2022-06-01T23:25:18.392 0e7cff6b-b47a-4d36-a4c2-ce61596a4939 HANDLE - - - - worker24
2022-06-01T23:25:18.408 be0de085-d4e7-41a1-8f5c-6e983b64b5cb GET /doc/full - - - frontend3
2022-06-01T23:25:18.414 2dc1ceea-e2d2-4afe-9785-1143f0a3959e RESPOND - - 200 - frontend13
2022-06-01T23:25:18.418 ccfc486e-6f2b-4032-a871-150f2430860d RESPOND - - 200 - frontend9
2022-06-01T23:25:18.422 07776ee4-e9d1-4e5c-9aa6-08b8b9007be4 HANDLE - - - - worker41
2022-06-01T23:25:18.456 0e7cff6b-b47a-4d36-a4c2-ce61596a4939 RESPOND - - 200 - frontend1
2022-06-01T23:25:18.472 07776ee4-e9d1-4e5c-9aa6-08b8b9007be4 RESPOND - - 200 - frontend16
2022-06-01T23:25:19.095 be0de085-d4e7-41a1-8f5c-6e983b64b5cb HANDLE - - - - worker22
2022-06-01T23:25:19.123 be0de085-d4e7-41a1-8f5c-6e983b64b5cb RESPOND - - 200 - frontend3
2022-06-01T23:25:19.145 1a30ae3a-bf7f-4acd-8c7f-07a5a4185986 GET /user/logoff - - - frontend11
2022-06-01T23:25:19.149 263c5813-d397-4951-9118-c2a854164f09 GET /board/dump/json - - - frontend4
2022-06-01T23:25:19.162 c991b5c5-a3c8-47a6-8da6-c7dc7fad48eb POST /user/login - - - frontend4
2022-06-01T23:25:19.170 ef5daa40-51f1-443a-8e22-9d8d3d3c45c8 GET /board - - - frontend13
2022-06-01T23:25:19.180 1a30ae3a-bf7f-4acd-8c7f-07a5a4185986 HANDLE - - - - worker1
2022-06-01T23:25:19.186 c991b5c5-a3c8-47a6-8da6-c7dc7fad48eb HANDLE - - - - worker7
2022-06-01T23:25:19.187 d119391c-b988-4509-b94a-7295cf13bd93 GET /user/logoff - - - frontend2
2022-06-01T23:25:19.195 263c5813-d397-4951-9118-c2a854164f09 HANDLE - - - - worker20
2022-06-01T23:25:19.204 ef5daa40-51f1-443a-8e22-9d8d3d3c45c8 HANDLE - - - - worker42
2022-06-01T23:25:19.220 c991b5c5-a3c8-47a6-8da6-c7dc7fad48eb RESPOND - - 200 - frontend4
2022-06-01T23:25:19.224 d119391c-b988-4509-b94a-7295cf13bd93 HANDLE - - - - worker30
2022-06-01T23:25:19.239 ef5daa40-51f1-443a-8e22-9d8d3d3c45c8 RESPOND - - 200 - frontend13
2022-06-01T23:25:19.239 263c5813-d397-4951-9118-c2a854164f09 RESPOND - - 200 - frontend4
2022-06-01T23:25:19.254 1a30ae3a-bf7f-4acd-8c7f-07a5a4185986 RESPOND - - 200 - frontend11
2022-06-01T23:25:20.039 d119391c-b988-4509-b94a-7295cf13bd93 RESPOND - - 200 - frontend2
2022-06-01T23:25:20.055 730f9704-7230-4fc9-8874-08add4627d2c POST /doc/comments - - - frontend2
2022-06-01T23:25:20.075 5ea81cf7-811e-4ba6-9ae2-fe2445a8d1e9 GET /board - - - frontend20
2022-06-01T23:25:20.091 69000551-9410-454f-a8e8-d70e21cb3540 GET /board/dump/json - - - frontend11
2022-06-01T23:25:20.093 5ea81cf7-811e-4ba6-9ae2-fe2445a8d1e9 HANDLE - - - - worker43
2022-06-01T23:25:20.103 730f9704-7230-4fc9-8874-08add4627d2c HANDLE - - - - worker8
2022-06-01T23:25:20.106 3bae3403-da15-46a3-ad78-351bbe47fe79 GET /doc/list - - - frontend14
2022-06-01T23:25:20.116 69000551-9410-454f-a8e8-d70e21cb3540 HANDLE - - - - worker16
2022-06-01T23:25:20.130 3bae3403-da15-46a3-ad78-351bbe47fe79 HANDLE - - - - worker35
2022-06-01T23:25:20.135 82d47f72-a351-44a6-a0e5-c933f2eb13db GET /user/avatar - - - frontend12
2022-06-01T23:25:20.147 5ea81cf7-811e-4ba6-9ae2-fe2445a8d1e9 RESPOND - - 200 - frontend20
2022-06-01T23:25:20.176 730f9704-7230-4fc9-8874-08add4627d2c RESPOND - - 200 - frontend2
2022-06-01T23:25:20.179 82d47f72-a351-44a6-a0e5-c933f2eb13db HANDLE - - - - worker37
2022-06-01T23:25:20.180 69000551-9410-454f-a8e8-d70e21cb3540 RESPOND - - 200 - frontend11
2022-06-01T23:25:20.193 3bae3403-da15-46a3-ad78-351bbe47fe79 RESPOND - - 200 - frontend14
2022-06-01T23:25:20.209 82d47f72-a351-44a6-a0e5-c933f2eb13db RESPOND - - 200 - frontend12
2022-06-01T23:25:20.224 f9de0881-230a-4ae3-93b9-389623ea20d0 GET /doc/full - - - frontend14
2022-06-01T23:25:20.227 2504d32b-feb5-48e0-9cf4-3f96f90cd5cf GET /board/dump/xml - - - frontend13
2022-06-01T23:25:20.252 765df6d8-ab7e-4ba1-914e-a05eca62d0ff GET /user/avatar - - - frontend7
2022-06-01T23:25:20.253 f9de0881-230a-4ae3-93b9-389623ea20d0 HANDLE - - - - worker16
2022-06-01T23:25:20.273 2504d32b-feb5-48e0-9cf4-3f96f90cd5cf HANDLE - - - - worker46
2022-06-01T23:25:20.279 765df6d8-ab7e-4ba1-914e-a05eca62d0ff HANDLE - - - - worker29
2022-06-01T23:25:20.283 e763b677-0907-4766-b2a0-ed3a4bafa6a9 GET /user/logoff - - - frontend10
2022-06-01T23:25:20.292 f9de0881-230a-4ae3-93b9-389623ea20d0 RESPOND - - 200 - frontend14
2022-06-01T23:25:20.308 904b9f4c-d516-4a66-b386-3de50068214e GET /doc/full - - - frontend20
2022-06-01T23:25:20.321 2504d32b-feb5-48e0-9cf4-3f96f90cd5cf RESPOND - - 200 - frontend13
2022-06-01T23:25:20.323 e763b677-0907-4766-b2a0-ed3a4bafa6a9 HANDLE - - - - worker30
2022-06-01T23:25:20.326 765df6d8-ab7e-4ba1-914e-a05eca62d0ff RESPOND - - 200 - frontend7
2022-06-01T23:25:20.349 904b9f4c-d516-4a66-b386-3de50068214e HANDLE - - - - worker3
2022-06-01T23:25:20.386 904b9f4c-d516-4a66-b386-3de50068214e RESPOND - - 200 - frontend20
2022-06-01T23:25:21.057 e763b677-0907-4766-b2a0-ed3a4bafa6a9 RESPOND - - 200 - frontend10
2022-06-01T23:25:21.072 4dbaf261-9644-49ba-a6b1-81f0e11f634c POST /doc/comments - - - frontend19
2022-06-01T23:25:21.095 4dbaf261-9644-49ba-a6b1-81f0e11f634c HANDLE - - - - worker15
2022-06-01T23:25:21.109 3a510579-ef28-47e7-9742-b114df626955 GET /board/dump/json - - - frontend12
2022-06-01T23:25:21.122 dbc766b3-95ad-4670-b3e0-9c48d3dc8528 GET /board/dump/json - - - frontend10
2022-06-01T23:25:21.123 4dbaf261-9644-49ba-a6b1-81f0e11f634c RESPOND - - 200 - frontend19
2022-06-01T23:25:21.133 86c64c38-277a-4c49-a247-6737c09c2ab8 POST /doc/comments - - - frontend1
2022-06-01T23:25:21.136 3a510579-ef28-47e7-9742-b114df626955 HANDLE - - - - worker30
2022-06-01T23:25:21.141 dbc766b3-95ad-4670-b3e0-9c48d3dc8528 HANDLE - - - - worker47
2022-06-01T23:25:21.144 d8f81fea-53a2-4165-a37f-a3c8be249a89 GET /doc/full - - - frontend15
2022-06-01T23:25:21.156 86c64c38-277a-4c49-a247-6737c09c2ab8 HANDLE - - - - worker19
2022-06-01T23:25:21.161 d8f81fea-53a2-4165-a37f-a3c8be249a89 HANDLE - - - - worker17
2022-06-01T23:25:21.192 d8f81fea-53a2-4165-a37f-a3c8be249a89 RESPOND - - 200 - frontend15
2022-06-01T23:25:21.200 86c64c38-277a-4c49-a247-6737c09c2ab8 RESPOND - - 200 - frontend1
2022-06-01T23:25:21.786 3a510579-ef28-47e7-9742-b114df626955 RESPOND - - 200 - frontend12
2022-06-01T23:25:21.808 dbc766b3-95ad-4670-b3e0-9c48d3dc8528 RESPOND - - 200 - frontend10
2022-06-01T23:25:21.827 91a72883-41c0-42f0-a53d-2e86e7d4f398 GET /board/dump/xml - - - frontend4
2022-06-01T23:25:21.843 d19ad484-1408-4b20-9a54-d109c911842b GET /board/dump/json - - - frontend5
2022-06-01T23:25:21.866 91a72883-41c0-42f0-a53d-2e86e7d4f398 HANDLE - - - - worker34
2022-06-01T23:25:21.867 d3defb4e-d60f-4645-ada3-9d52520acde6 GET /board/dump/xml - - - frontend10
2022-06-01T23:25:21.875 a6d719a7-47df-4f2a-928a-36742e3e12ff GET /board/dump/xml - - - frontend7
2022-06-01T23:25:21.887 d19ad484-1408-4b20-9a54-d109c911842b HANDLE - - - - worker34
2022-06-01T23:25:21.892 d96d6076-6878-41fe-be9a-34bdf11f648e GET /board/dump/json - - - frontend8
2022-06-01T23:25:21.898 d3defb4e-d60f-4645-ada3-9d52520acde6 HANDLE - - - - worker10
2022-06-01T23:25:21.910 a6d719a7-47df-4f2a-928a-36742e3e12ff HANDLE - - - - worker31
2022-06-01T23:25:21.941 91a72883-41c0-42f0-a53d-2e86e7d4f398 RESPOND - - 200 - frontend4
2022-06-01T23:25:21.949 d19ad484-1408-4b20-9a54-d109c911842b RESPOND - - 200 - frontend5
2022-06-01T23:25:21.964 d3defb4e-d60f-4645-ada3-9d52520acde6 RESPOND - - 200 - frontend10
2022-06-01T23:25:21.975 a6d719a7-47df-4f2a-928a-36742e3e12ff RESPOND - - 200 - frontend7
2022-06-01T23:25:22.660 d96d6076-6878-41fe-be9a-34bdf11f648e HANDLE - - - - worker45
2022-06-01T23:25:22.693 d96d6076-6878-41fe-be9a-34bdf11f648e RESPOND - - 200 - frontend8
2022-06-01T23:25:22.715 306bcaa9-9a4e-4abd-b5b6-9452d09910c0 GET /doc/full - - - frontend1
2022-06-01T23:25:22.718 50efb946-f667-4012-bc80-346dc4f502fa POST /user/login - - - frontend17
2022-06-01T23:25:22.730 64b142d6-a360-45f9-ab15-874bc4814d67 GET /doc/full - - - frontend16
2022-06-01T23:25:22.736 53668bc9-3576-4086-8429-535f292d97ce POST /doc/comments - - - frontend2
2022-06-01T23:25:22.747 64b142d6-a360-45f9-ab15-874bc4814d67 HANDLE - - - - worker2
2022-06-01T23:25:22.751 306bcaa9-9a4e-4abd-b5b6-9452d09910c0 HANDLE - - - - worker25
2022-06-01T23:25:22.762 53668bc9-3576-4086-8429-535f292d97ce HANDLE - - - - worker45
2022-06-01T23:25:22.767 50efb946-f667-4012-bc80-346dc4f502fa HANDLE - - - - worker12
2022-06-01T23:25:22.769 96f8da5f-c952-4f12-8235-18884e5b6e70 GET /board - - - frontend4
2022-06-01T23:25:22.795 64b142d6-a360-45f9-ab15-874bc4814d67 RESPOND - - 200 - frontend16
2022-06-01T23:25:22.798 96f8da5f-c952-4f12-8235-18884e5b6e70 HANDLE - - - - worker36
2022-06-01T23:25:22.802 306bcaa9-9a4e-4abd-b5b6-9452d09910c0 RESPOND - - 200 - frontend1
2022-06-01T23:25:22.835 53668bc9-3576-4086-8429-535f292d97ce RESPOND - - 200 - frontend2
2022-06-01T23:25:22.836 50efb946-f667-4012-bc80-346dc4f502fa RESPOND - - 200 - frontend17
2022-06-01T23:25:22.865 96f8da5f-c952-4f12-8235-18884e5b6e70 RESPOND - - 200 - frontend4
2022-06-01T23:25:22.903 51c66112-1604-4b33-9fb9-746665e8a433 POST /doc/comments - - - frontend15
2022-06-01T23:25:22.904 ad6831af-bc5f-4aea-ab98-6427a83bca89 POST /user/login - - - frontend20
2022-06-01T23:25:22.909 d0bc5110-4e0e-44d4-a52f-76ec61e6a8ce POST /user/login - - - frontend6
2022-06-01T23:25:22.912 a5923ccc-4c26-4fce-bcc3-e3e6fef067d2 GET /user/logoff - - - frontend15
2022-06-01T23:25:22.921 ad6831af-bc5f-4aea-ab98-6427a83bca89 HANDLE - - - - worker33
2022-06-01T23:25:22.933 51c66112-1604-4b33-9fb9-746665e8a433 HANDLE - - - - worker36
2022-06-01T23:25:22.935 795cf50f-87ce-4d68-854f-3fc09ba83409 GET /user/logoff - - - frontend8
2022-06-01T23:25:22.947 d0bc5110-4e0e-44d4-a52f-76ec61e6a8ce HANDLE - - - - worker39
2022-06-01T23:25:22.949 a5923ccc-4c26-4fce-bcc3-e3e6fef067d2 HANDLE - - - - worker2
2022-06-01T23:25:22.960 51c66112-1604-4b33-9fb9-746665e8a433 RESPOND - - 200 - frontend15
2022-06-01T23:25:22.983 d0bc5110-4e0e-44d4-a52f-76ec61e6a8ce RESPOND - - 200 - frontend6
2022-06-01T23:25:22.985 a5923ccc-4c26-4fce-bcc3-e3e6fef067d2 RESPOND - - 200 - frontend15
2022-06-01T23:25:23.629 ad6831af-bc5f-4aea-ab98-6427a83bca89 RESPOND - - 200 - frontend20
2022-06-01T23:25:23.740 795cf50f-87ce-4d68-854f-3fc09ba83409 HANDLE - - - - worker42
2022-06-01T23:25:23.773 795cf50f-87ce-4d68-854f-3fc09ba83409 RESPOND - - 200 - frontend8
2022-06-01T23:25:23.783 db2f349c-a405-4b78-a76d-4df4acaa6dfe GET /doc - - - frontend17
2022-06-01T23:25:23.806 eac4cd94-7848-46e6-9f5a-d9e238ae87bc GET /doc/full - - - frontend1
2022-06-01T23:25:23.825 db2f349c-a405-4b78-a76d-4df4acaa6dfe HANDLE - - - - worker17
2022-06-01T23:25:23.830 a81961a9-136f-40d8-884c-47ac44810d18 GET /doc/full - - - frontend20
2022-06-01T23:25:23.851 eac4cd94-7848-46e6-9f5a-d9e238ae87bc HANDLE - - - - worker17
2022-06-01T23:25:23.853 a81961a9-136f-40d8-884c-47ac44810d18 HANDLE - - - - worker4
2022-06-01T23:25:23.866 e9a22a41-d3ac-441a-a165-ac3b1e8f598a POST /doc/comments - - - frontend9
2022-06-01T23:25:23.871 aa8d1cb4-3790-4bf9-8963-812a85a7451a GET /user/avatar - - - frontend20
2022-06-01T23:25:23.881 eac4cd94-7848-46e6-9f5a-d9e238ae87bc RESPOND - - 200 - frontend1
2022-06-01T23:25:23.884 db2f349c-a405-4b78-a76d-4df4acaa6dfe RESPOND - - 200 - frontend17
2022-06-01T23:25:23.906 e9a22a41-d3ac-441a-a165-ac3b1e8f598a HANDLE - - - - worker39
2022-06-01T23:25:23.908 aa8d1cb4-3790-4bf9-8963-812a85a7451a HANDLE - - - - worker39
2022-06-01T23:25:23.909 a81961a9-136f-40d8-884c-47ac44810d18 RESPOND - - 200 - frontend20
2022-06-01T23:25:23.943 aa8d1cb4-3790-4bf9-8963-812a85a7451a RESPOND - - 200 - frontend20
2022-06-01T23:25:23.979 e9a22a41-d3ac-441a-a165-ac3b1e8f598a RESPOND - - 200 - frontend9
2022-06-01T23:25:23.993 de82c81c-6682-44d3-af16-ceecb2ef7145 GET /doc - - - frontend13
2022-06-01T23:25:24.022 4c0f844a-1ac9-401b-a21a-e2261774e321 GET /doc/list - - - frontend18
2022-06-01T23:25:24.041 de82c81c-6682-44d3-af16-ceecb2ef7145 HANDLE - - - - worker26
2022-06-01T23:25:24.057 255a58e0-2808-4b03-b8ff-b14867fa281a GET /board/dump/xml - - - frontend5
2022-06-01T23:25:24.063 4c0f844a-1ac9-401b-a21a-e2261774e321 HANDLE - - - - worker5
2022-06-01T23:25:24.068 e0c20de0-040e-457d-b498-3cdb19bcd23c GET /doc/full - - - frontend20
2022-06-01T23:25:24.073 66f040fc-7473-401d-9856-c797b99e1c9b GET /board - - - frontend2
2022-06-01T23:25:24.075 255a58e0-2808-4b03-b8ff-b14867fa281a HANDLE - - - - worker45
2022-06-01T23:25:24.083 de82c81c-6682-44d3-af16-ceecb2ef7145 RESPOND - - 200 - frontend13
2022-06-01T23:25:24.085 e0c20de0-040e-457d-b498-3cdb19bcd23c HANDLE - - - - worker5
2022-06-01T23:25:24.109 66f040fc-7473-401d-9856-c797b99e1c9b HANDLE - - - - worker8
2022-06-01T23:25:24.125 4c0f844a-1ac9-401b-a21a-e2261774e321 RESPOND - - 200 - frontend18
2022-06-01T23:25:24.133 255a58e0-2808-4b03-b8ff-b14867fa281a RESPOND - - 200 - frontend5
2022-06-01T23:25:24.160 e0c20de0-040e-457d-b498-3cdb19bcd23c RESPOND - - 200 - frontend20
2022-06-01T23:25:24.170 66f040fc-7473-401d-9856-c797b99e1c9b RESPOND - - 200 - frontend2
2022-06-01T23:25:24.185 d8df770f-5018-4aa6-9f1b-eb6a0f8e6169 GET /user/logoff - - - frontend16
2022-06-01T23:25:24.200 d8df770f-5018-4aa6-9f1b-eb6a0f8e6169 HANDLE - - - - worker28
2022-06-01T23:25:24.203 15eb006c-9c27-4704-9a1b-7cfa01bc6d80 GET /user/avatar - - - frontend6
2022-06-01T23:25:24.204 519069d9-2415-4f7c-9fa8-7c6e8ebf0b47 GET /doc/list - - - frontend16
2022-06-01T23:25:24.219 81556cec-93fa-47a3-9f86-b4c40d5fe521 POST /doc/comments - - - frontend4
2022-06-01T23:25:24.225 519069d9-2415-4f7c-9fa8-7c6e8ebf0b47 HANDLE - - - - worker41
2022-06-01T23:25:24.235 15eb006c-9c27-4704-9a1b-7cfa01bc6d80 HANDLE - - - - worker4
2022-06-01T23:25:24.251 519069d9-2415-4f7c-9fa8-7c6e8ebf0b47 RESPOND - - 200 - frontend16
2022-06-01T23:25:24.257 4d807992-b103-4568-a5e3-cf61771330f5 POST /doc/comments - - - frontend5
2022-06-01T23:25:24.264 81556cec-93fa-47a3-9f86-b4c40d5fe521 HANDLE - - - - worker24
2022-06-01T23:25:24.266 15eb006c-9c27-4704-9a1b-7cfa01bc6d80 RESPOND - - 200 - frontend6
2022-06-01T23:25:24.271 d8df770f-5018-4aa6-9f1b-eb6a0f8e6169 RESPOND - - 200 - frontend16
2022-06-01T23:25:24.289 4d807992-b103-4568-a5e3-cf61771330f5 HANDLE - - - - worker50
2022-06-01T23:25:24.299 81556cec-93fa-47a3-9f86-b4c40d5fe521 RESPOND - - 200 - frontend4
2022-06-01T23:25:24.340 4d807992-b103-4568-a5e3-cf61771330f5 RESPOND - - 200 - frontend5
2022-06-01T23:25:24.356 319f6889-e73c-409b-becc-8d3ad6c3a1f2 POST /user/login - - - frontend8
2022-06-01T23:25:24.366 f8390e5c-ed6b-4dbe-a6ac-cea02d508fe8 GET /doc/full - - - frontend2
2022-06-01T23:25:24.410 f8390e5c-ed6b-4dbe-a6ac-cea02d508fe8 HANDLE - - - - worker26
2022-06-01T23:25:24.414 a183816b-971d-493a-be87-667e4a6e6201 GET /board/dump/xml - - - frontend11
2022-06-01T23:25:24.416 1a12715c-ad26-4a25-8d73-6c07da8c3521 GET /board/dump/xml - - - frontend2
2022-06-01T23:25:24.420 7c6e790b-d1b0-486e-9a53-c1af4a43a32b GET /doc/full - - - frontend5
2022-06-01T23:25:24.434 a183816b-971d-493a-be87-667e4a6e6201 HANDLE - - - - worker43
2022-06-01T23:25:24.449 1a12715c-ad26-4a25-8d73-6c07da8c3521 HANDLE - - - - worker30
2022-06-01T23:25:24.468 7c6e790b-d1b0-486e-9a53-c1af4a43a32b HANDLE - - - - worker8
2022-06-01T23:25:24.469 f8390e5c-ed6b-4dbe-a6ac-cea02d508fe8 RESPOND - - 200 - frontend2
